Copyright 1986-2022 Xilinx, Inc. All Rights Reserved. Copyright 2022-2023 Advanced Micro Devices, Inc. All Rights Reserved.
------------------------------------------------------------------------------------------------------------------------------------------------------------------------------------------------------
| Tool Version : Vivado v.2023.2 (lin64) Build 4029153 Fri Oct 13 20:13:54 MDT 2023
| Date         : Fri Jan 30 10:55:45 2026
| Host         : krithikh-ThinkPad-P1-Gen-7 running 64-bit Ubuntu 22.04.5 LTS
| Command      : report_timing_summary -max_paths 10 -report_unconstrained -file Top_timing_summary_routed.rpt -pb Top_timing_summary_routed.pb -rpx Top_timing_summary_routed.rpx -warn_on_violation
| Design       : Top
| Device       : 7a100t-csg324
| Speed File   : -1  PRODUCTION 1.23 2018-06-13
| Design State : Routed
------------------------------------------------------------------------------------------------------------------------------------------------------------------------------------------------------

Timing Summary Report

------------------------------------------------------------------------------------------------
| Timer Settings
| --------------
------------------------------------------------------------------------------------------------

  Enable Multi Corner Analysis               :  Yes
  Enable Pessimism Removal                   :  Yes
  Pessimism Removal Resolution               :  Nearest Common Node
  Enable Input Delay Default Clock           :  No
  Enable Preset / Clear Arcs                 :  No
  Disable Flight Delays                      :  No
  Ignore I/O Paths                           :  No
  Timing Early Launch at Borrowing Latches   :  No
  Borrow Time for Max Delay Exceptions       :  Yes
  Merge Timing Exceptions                    :  Yes
  Inter-SLR Compensation                     :  Conservative

  Corner  Analyze    Analyze    
  Name    Max Paths  Min Paths  
  ------  ---------  ---------  
  Slow    Yes        Yes        
  Fast    Yes        Yes        


------------------------------------------------------------------------------------------------
| Report Methodology
| ------------------
------------------------------------------------------------------------------------------------

No report available as report_methodology has not been run prior. Run report_methodology on the current design for the summary of methodology violations.



check_timing report

Table of Contents
-----------------
1. checking no_clock (0)
2. checking constant_clock (0)
3. checking pulse_width_clock (0)
4. checking unconstrained_internal_endpoints (0)
5. checking no_input_delay (0)
6. checking no_output_delay (0)
7. checking multiple_clock (0)
8. checking generated_clocks (0)
9. checking loops (0)
10. checking partial_input_delay (0)
11. checking partial_output_delay (0)
12. checking latch_loops (0)

1. checking no_clock (0)
------------------------
 There are 0 register/latch pins with no clock.


2. checking constant_clock (0)
------------------------------
 There are 0 register/latch pins with constant_clock.


3. checking pulse_width_clock (0)
---------------------------------
 There are 0 register/latch pins which need pulse_width check


4. checking unconstrained_internal_endpoints (0)
------------------------------------------------
 There are 0 pins that are not constrained for maximum delay.

 There are 0 pins that are not constrained for maximum delay due to constant clock.


5. checking no_input_delay (0)
------------------------------
 There are 0 input ports with no input delay specified.

 There are 0 input ports with no input delay but user has a false path constraint.


6. checking no_output_delay (0)
-------------------------------
 There are 0 ports with no output delay specified.

 There are 0 ports with no output delay but user has a false path constraint

 There are 0 ports with no output delay but with a timing clock defined on it or propagating through it


7. checking multiple_clock (0)
------------------------------
 There are 0 register/latch pins with multiple clocks.


8. checking generated_clocks (0)
--------------------------------
 There are 0 generated clocks that are not connected to a clock source.


9. checking loops (0)
---------------------
 There are 0 combinational loops in the design.


10. checking partial_input_delay (0)
------------------------------------
 There are 0 input ports with partial input delay specified.


11. checking partial_output_delay (0)
-------------------------------------
 There are 0 ports with partial output delay specified.


12. checking latch_loops (0)
----------------------------
 There are 0 combinational latch loops in the design through latch input



------------------------------------------------------------------------------------------------
| Design Timing Summary
| ---------------------
------------------------------------------------------------------------------------------------

    WNS(ns)      TNS(ns)  TNS Failing Endpoints  TNS Total Endpoints      WHS(ns)      THS(ns)  THS Failing Endpoints  THS Total Endpoints     WPWS(ns)     TPWS(ns)  TPWS Failing Endpoints  TPWS Total Endpoints  
    -------      -------  ---------------------  -------------------      -------      -------  ---------------------  -------------------     --------     --------  ----------------------  --------------------  
        inf        0.000                      0                    9          inf        0.000                      0                    9           NA           NA                      NA                    NA  


There are no user specified timing constraints.


------------------------------------------------------------------------------------------------
| Clock Summary
| -------------
------------------------------------------------------------------------------------------------


------------------------------------------------------------------------------------------------
| Intra Clock Table
| -----------------
------------------------------------------------------------------------------------------------

Clock             WNS(ns)      TNS(ns)  TNS Failing Endpoints  TNS Total Endpoints      WHS(ns)      THS(ns)  THS Failing Endpoints  THS Total Endpoints     WPWS(ns)     TPWS(ns)  TPWS Failing Endpoints  TPWS Total Endpoints  
-----             -------      -------  ---------------------  -------------------      -------      -------  ---------------------  -------------------     --------     --------  ----------------------  --------------------  


------------------------------------------------------------------------------------------------
| Inter Clock Table
| -----------------
------------------------------------------------------------------------------------------------

From Clock    To Clock          WNS(ns)      TNS(ns)  TNS Failing Endpoints  TNS Total Endpoints      WHS(ns)      THS(ns)  THS Failing Endpoints  THS Total Endpoints  
----------    --------          -------      -------  ---------------------  -------------------      -------      -------  ---------------------  -------------------  


------------------------------------------------------------------------------------------------
| Other Path Groups Table
| -----------------------
------------------------------------------------------------------------------------------------

Path Group    From Clock    To Clock          WNS(ns)      TNS(ns)  TNS Failing Endpoints  TNS Total Endpoints      WHS(ns)      THS(ns)  THS Failing Endpoints  THS Total Endpoints  
----------    ----------    --------          -------      -------  ---------------------  -------------------      -------      -------  ---------------------  -------------------  


------------------------------------------------------------------------------------------------
| User Ignored Path Table
| -----------------------
------------------------------------------------------------------------------------------------

Path Group    From Clock    To Clock    
----------    ----------    --------    


------------------------------------------------------------------------------------------------
| Unconstrained Path Table
| ------------------------
------------------------------------------------------------------------------------------------

Path Group    From Clock    To Clock    
----------    ----------    --------    
(none)                                    


------------------------------------------------------------------------------------------------
| Timing Details
| --------------
------------------------------------------------------------------------------------------------


--------------------------------------------------------------------------------------
Path Group:  (none)
From Clock:  
  To Clock:  

Max Delay             9 Endpoints
Min Delay             9 Endpoints
--------------------------------------------------------------------------------------


Max Delay Paths
--------------------------------------------------------------------------------------
Slack:                    inf
  Source:                 sw[10]
                            (input port)
  Destination:            led[7]
                            (output port)
  Path Group:             (none)
  Path Type:              Max at Slow Process Corner
  Data Path Delay:        12.097ns  (logic 5.447ns (45.029%)  route 6.650ns (54.971%))
  Logic Levels:           5  (IBUF=1 LUT5=1 LUT6=2 OBUF=1)

    Location             Delay type                Incr(ns)  Path(ns)    Netlist Resource(s)
  -------------------------------------------------------------------    -------------------
    U2                                                0.000     0.000 r  sw[10] (IN)
                         net (fo=0)                   0.000     0.000    sw[10]
    U2                   IBUF (Prop_ibuf_I_O)         1.513     1.513 r  sw_IBUF[10]_inst/O
                         net (fo=2, routed)           2.362     3.875    sw_IBUF[10]
    SLICE_X89Y57         LUT6 (Prop_lut6_I5_O)        0.124     3.999 r  led_OBUF[4]_inst_i_2/O
                         net (fo=4, routed)           1.221     5.220    adder_1/carry_3__2
    SLICE_X89Y65         LUT5 (Prop_lut5_I0_O)        0.124     5.344 r  led_OBUF[7]_inst_i_2/O
                         net (fo=3, routed)           0.996     6.340    adder_1/carry_5__2
    SLICE_X89Y67         LUT6 (Prop_lut6_I4_O)        0.124     6.464 r  led_OBUF[7]_inst_i_1/O
                         net (fo=1, routed)           2.070     8.535    led_OBUF[7]
    U6                   OBUF (Prop_obuf_I_O)         3.562    12.097 r  led_OBUF[7]_inst/O
                         net (fo=0)                   0.000    12.097    led[7]
    U6                                                                r  led[7] (OUT)
  -------------------------------------------------------------------    -------------------

Slack:                    inf
  Source:                 sw[10]
                            (input port)
  Destination:            led[5]
                            (output port)
  Path Group:             (none)
  Path Type:              Max at Slow Process Corner
  Data Path Delay:        11.569ns  (logic 5.632ns (48.684%)  route 5.937ns (51.316%))
  Logic Levels:           5  (IBUF=1 LUT3=1 LUT5=1 LUT6=1 OBUF=1)

    Location             Delay type                Incr(ns)  Path(ns)    Netlist Resource(s)
  -------------------------------------------------------------------    -------------------
    U2                                                0.000     0.000 r  sw[10] (IN)
                         net (fo=0)                   0.000     0.000    sw[10]
    U2                   IBUF (Prop_ibuf_I_O)         1.513     1.513 r  sw_IBUF[10]_inst/O
                         net (fo=2, routed)           2.362     3.875    sw_IBUF[10]
    SLICE_X89Y57         LUT6 (Prop_lut6_I5_O)        0.124     3.999 r  led_OBUF[4]_inst_i_2/O
                         net (fo=4, routed)           1.221     5.220    adder_1/carry_3__2
    SLICE_X89Y65         LUT5 (Prop_lut5_I0_O)        0.124     5.344 r  led_OBUF[7]_inst_i_2/O
                         net (fo=3, routed)           0.412     5.756    adder_1/carry_5__2
    SLICE_X89Y67         LUT3 (Prop_lut3_I0_O)        0.118     5.874 r  led_OBUF[5]_inst_i_1/O
                         net (fo=1, routed)           1.942     7.815    led_OBUF[5]
    T4                   OBUF (Prop_obuf_I_O)         3.753    11.569 r  led_OBUF[5]_inst/O
                         net (fo=0)                   0.000    11.569    led[5]
    T4                                                                r  led[5] (OUT)
  -------------------------------------------------------------------    -------------------

Slack:                    inf
  Source:                 sw[10]
                            (input port)
  Destination:            led[6]
                            (output port)
  Path Group:             (none)
  Path Type:              Max at Slow Process Corner
  Data Path Delay:        11.495ns  (logic 5.443ns (47.353%)  route 6.052ns (52.647%))
  Logic Levels:           5  (IBUF=1 LUT5=2 LUT6=1 OBUF=1)

    Location             Delay type                Incr(ns)  Path(ns)    Netlist Resource(s)
  -------------------------------------------------------------------    -------------------
    U2                                                0.000     0.000 r  sw[10] (IN)
                         net (fo=0)                   0.000     0.000    sw[10]
    U2                   IBUF (Prop_ibuf_I_O)         1.513     1.513 r  sw_IBUF[10]_inst/O
                         net (fo=2, routed)           2.362     3.875    sw_IBUF[10]
    SLICE_X89Y57         LUT6 (Prop_lut6_I5_O)        0.124     3.999 r  led_OBUF[4]_inst_i_2/O
                         net (fo=4, routed)           1.221     5.220    adder_1/carry_3__2
    SLICE_X89Y65         LUT5 (Prop_lut5_I0_O)        0.124     5.344 r  led_OBUF[7]_inst_i_2/O
                         net (fo=3, routed)           0.412     5.756    adder_1/carry_5__2
    SLICE_X89Y67         LUT5 (Prop_lut5_I2_O)        0.124     5.880 r  led_OBUF[6]_inst_i_1/O
                         net (fo=1, routed)           2.057     7.937    led_OBUF[6]
    U7                   OBUF (Prop_obuf_I_O)         3.559    11.495 r  led_OBUF[6]_inst/O
                         net (fo=0)                   0.000    11.495    led[6]
    U7                                                                r  led[6] (OUT)
  -------------------------------------------------------------------    -------------------

Slack:                    inf
  Source:                 sw[10]
                            (input port)
  Destination:            led[8]
                            (output port)
  Path Group:             (none)
  Path Type:              Max at Slow Process Corner
  Data Path Delay:        11.244ns  (logic 5.462ns (48.575%)  route 5.782ns (51.425%))
  Logic Levels:           5  (IBUF=1 LUT6=3 OBUF=1)

    Location             Delay type                Incr(ns)  Path(ns)    Netlist Resource(s)
  -------------------------------------------------------------------    -------------------
    U2                                                0.000     0.000 r  sw[10] (IN)
                         net (fo=0)                   0.000     0.000    sw[10]
    U2                   IBUF (Prop_ibuf_I_O)         1.513     1.513 r  sw_IBUF[10]_inst/O
                         net (fo=2, routed)           2.362     3.875    sw_IBUF[10]
    SLICE_X89Y57         LUT6 (Prop_lut6_I5_O)        0.124     3.999 r  led_OBUF[4]_inst_i_2/O
                         net (fo=4, routed)           0.518     4.517    adder_1/carry_3__2
    SLICE_X89Y65         LUT6 (Prop_lut6_I5_O)        0.124     4.641 r  led_OBUF[8]_inst_i_3/O
                         net (fo=1, routed)           0.813     5.454    carry_60
    SLICE_X89Y67         LUT6 (Prop_lut6_I1_O)        0.124     5.578 r  led_OBUF[8]_inst_i_1/O
                         net (fo=1, routed)           2.089     7.667    led_OBUF[8]
    V4                   OBUF (Prop_obuf_I_O)         3.577    11.244 r  led_OBUF[8]_inst/O
                         net (fo=0)                   0.000    11.244    led[8]
    V4                                                                r  led[8] (OUT)
  -------------------------------------------------------------------    -------------------

Slack:                    inf
  Source:                 sw[10]
                            (input port)
  Destination:            led[4]
                            (output port)
  Path Group:             (none)
  Path Type:              Max at Slow Process Corner
  Data Path Delay:        11.078ns  (logic 5.547ns (50.075%)  route 5.531ns (49.925%))
  Logic Levels:           4  (IBUF=1 LUT5=1 LUT6=1 OBUF=1)

    Location             Delay type                Incr(ns)  Path(ns)    Netlist Resource(s)
  -------------------------------------------------------------------    -------------------
    U2                                                0.000     0.000 r  sw[10] (IN)
                         net (fo=0)                   0.000     0.000    sw[10]
    U2                   IBUF (Prop_ibuf_I_O)         1.513     1.513 r  sw_IBUF[10]_inst/O
                         net (fo=2, routed)           2.362     3.875    sw_IBUF[10]
    SLICE_X89Y57         LUT6 (Prop_lut6_I5_O)        0.124     3.999 r  led_OBUF[4]_inst_i_2/O
                         net (fo=4, routed)           1.221     5.220    adder_1/carry_3__2
    SLICE_X89Y65         LUT5 (Prop_lut5_I2_O)        0.152     5.372 r  led_OBUF[4]_inst_i_1/O
                         net (fo=1, routed)           1.947     7.319    led_OBUF[4]
    T5                   OBUF (Prop_obuf_I_O)         3.758    11.078 r  led_OBUF[4]_inst/O
                         net (fo=0)                   0.000    11.078    led[4]
    T5                                                                r  led[4] (OUT)
  -------------------------------------------------------------------    -------------------

Slack:                    inf
  Source:                 sw[10]
                            (input port)
  Destination:            led[3]
                            (output port)
  Path Group:             (none)
  Path Type:              Max at Slow Process Corner
  Data Path Delay:        10.768ns  (logic 5.316ns (49.367%)  route 5.452ns (50.633%))
  Logic Levels:           4  (IBUF=1 LUT3=1 LUT6=1 OBUF=1)

    Location             Delay type                Incr(ns)  Path(ns)    Netlist Resource(s)
  -------------------------------------------------------------------    -------------------
    U2                                                0.000     0.000 r  sw[10] (IN)
                         net (fo=0)                   0.000     0.000    sw[10]
    U2                   IBUF (Prop_ibuf_I_O)         1.513     1.513 r  sw_IBUF[10]_inst/O
                         net (fo=2, routed)           2.362     3.875    sw_IBUF[10]
    SLICE_X89Y57         LUT6 (Prop_lut6_I5_O)        0.124     3.999 r  led_OBUF[4]_inst_i_2/O
                         net (fo=4, routed)           1.030     5.029    adder_1/carry_3__2
    SLICE_X89Y62         LUT3 (Prop_lut3_I0_O)        0.124     5.153 r  led_OBUF[3]_inst_i_1/O
                         net (fo=1, routed)           2.060     7.213    led_OBUF[3]
    T6                   OBUF (Prop_obuf_I_O)         3.555    10.768 r  led_OBUF[3]_inst/O
                         net (fo=0)                   0.000    10.768    led[3]
    T6                                                                r  led[3] (OUT)
  -------------------------------------------------------------------    -------------------

Slack:                    inf
  Source:                 sw[10]
                            (input port)
  Destination:            led[2]
                            (output port)
  Path Group:             (none)
  Path Type:              Max at Slow Process Corner
  Data Path Delay:        9.456ns  (logic 5.180ns (54.782%)  route 4.276ns (45.218%))
  Logic Levels:           3  (IBUF=1 LUT6=1 OBUF=1)

    Location             Delay type                Incr(ns)  Path(ns)    Netlist Resource(s)
  -------------------------------------------------------------------    -------------------
    U2                                                0.000     0.000 r  sw[10] (IN)
                         net (fo=0)                   0.000     0.000    sw[10]
    U2                   IBUF (Prop_ibuf_I_O)         1.513     1.513 r  sw_IBUF[10]_inst/O
                         net (fo=2, routed)           2.563     4.075    sw_IBUF[10]
    SLICE_X89Y57         LUT6 (Prop_lut6_I4_O)        0.124     4.199 r  led_OBUF[2]_inst_i_1/O
                         net (fo=1, routed)           1.713     5.913    led_OBUF[2]
    R8                   OBUF (Prop_obuf_I_O)         3.544     9.456 r  led_OBUF[2]_inst/O
                         net (fo=0)                   0.000     9.456    led[2]
    R8                                                                r  led[2] (OUT)
  -------------------------------------------------------------------    -------------------

Slack:                    inf
  Source:                 sw[8]
                            (input port)
  Destination:            led[0]
                            (output port)
  Path Group:             (none)
  Path Type:              Max at Slow Process Corner
  Data Path Delay:        9.413ns  (logic 5.425ns (57.627%)  route 3.989ns (42.373%))
  Logic Levels:           3  (IBUF=1 LUT2=1 OBUF=1)

    Location             Delay type                Incr(ns)  Path(ns)    Netlist Resource(s)
  -------------------------------------------------------------------    -------------------
    U4                                                0.000     0.000 r  sw[8] (IN)
                         net (fo=0)                   0.000     0.000    sw[8]
    U4                   IBUF (Prop_ibuf_I_O)         1.521     1.521 r  sw_IBUF[8]_inst/O
                         net (fo=4, routed)           2.119     3.640    sw_IBUF[8]
    SLICE_X89Y57         LUT2 (Prop_lut2_I1_O)        0.150     3.790 r  led_OBUF[0]_inst_i_1/O
                         net (fo=1, routed)           1.869     5.659    led_OBUF[0]
    T8                   OBUF (Prop_obuf_I_O)         3.754     9.413 r  led_OBUF[0]_inst/O
                         net (fo=0)                   0.000     9.413    led[0]
    T8                                                                r  led[0] (OUT)
  -------------------------------------------------------------------    -------------------

Slack:                    inf
  Source:                 sw[8]
                            (input port)
  Destination:            led[1]
                            (output port)
  Path Group:             (none)
  Path Type:              Max at Slow Process Corner
  Data Path Delay:        8.996ns  (logic 5.212ns (57.939%)  route 3.784ns (42.061%))
  Logic Levels:           3  (IBUF=1 LUT4=1 OBUF=1)

    Location             Delay type                Incr(ns)  Path(ns)    Netlist Resource(s)
  -------------------------------------------------------------------    -------------------
    U4                                                0.000     0.000 r  sw[8] (IN)
                         net (fo=0)                   0.000     0.000    sw[8]
    U4                   IBUF (Prop_ibuf_I_O)         1.521     1.521 r  sw_IBUF[8]_inst/O
                         net (fo=4, routed)           2.119     3.640    sw_IBUF[8]
    SLICE_X89Y57         LUT4 (Prop_lut4_I1_O)        0.124     3.764 r  led_OBUF[1]_inst_i_1/O
                         net (fo=1, routed)           1.664     5.429    led_OBUF[1]
    V9                   OBUF (Prop_obuf_I_O)         3.567     8.996 r  led_OBUF[1]_inst/O
                         net (fo=0)                   0.000     8.996    led[1]
    V9                                                                r  led[1] (OUT)
  -------------------------------------------------------------------    -------------------





Min Delay Paths
--------------------------------------------------------------------------------------
Slack:                    inf
  Source:                 sw[0]
                            (input port)
  Destination:            led[2]
                            (output port)
  Path Group:             (none)
  Path Type:              Min at Fast Process Corner
  Data Path Delay:        2.286ns  (logic 1.570ns (68.694%)  route 0.716ns (31.306%))
  Logic Levels:           3  (IBUF=1 LUT6=1 OBUF=1)

    Location             Delay type                Incr(ns)  Path(ns)    Netlist Resource(s)
  -------------------------------------------------------------------    -------------------
    U9                                                0.000     0.000 r  sw[0] (IN)
                         net (fo=0)                   0.000     0.000    sw[0]
    U9                   IBUF (Prop_ibuf_I_O)         0.281     0.281 r  sw_IBUF[0]_inst/O
                         net (fo=4, routed)           0.359     0.640    sw_IBUF[0]
    SLICE_X89Y57         LUT6 (Prop_lut6_I2_O)        0.045     0.685 r  led_OBUF[2]_inst_i_1/O
                         net (fo=1, routed)           0.356     1.042    led_OBUF[2]
    R8                   OBUF (Prop_obuf_I_O)         1.244     2.286 r  led_OBUF[2]_inst/O
                         net (fo=0)                   0.000     2.286    led[2]
    R8                                                                r  led[2] (OUT)
  -------------------------------------------------------------------    -------------------

Slack:                    inf
  Source:                 sw[1]
                            (input port)
  Destination:            led[1]
                            (output port)
  Path Group:             (none)
  Path Type:              Min at Fast Process Corner
  Data Path Delay:        2.422ns  (logic 1.563ns (64.532%)  route 0.859ns (35.468%))
  Logic Levels:           3  (IBUF=1 LUT4=1 OBUF=1)

    Location             Delay type                Incr(ns)  Path(ns)    Netlist Resource(s)
  -------------------------------------------------------------------    -------------------
    U8                                                0.000     0.000 r  sw[1] (IN)
                         net (fo=0)                   0.000     0.000    sw[1]
    U8                   IBUF (Prop_ibuf_I_O)         0.250     0.250 r  sw_IBUF[1]_inst/O
                         net (fo=3, routed)           0.527     0.777    sw_IBUF[1]
    SLICE_X89Y57         LUT4 (Prop_lut4_I3_O)        0.045     0.822 r  led_OBUF[1]_inst_i_1/O
                         net (fo=1, routed)           0.331     1.154    led_OBUF[1]
    V9                   OBUF (Prop_obuf_I_O)         1.268     2.422 r  led_OBUF[1]_inst/O
                         net (fo=0)                   0.000     2.422    led[1]
    V9                                                                r  led[1] (OUT)
  -------------------------------------------------------------------    -------------------

Slack:                    inf
  Source:                 sw[12]
                            (input port)
  Destination:            led[4]
                            (output port)
  Path Group:             (none)
  Path Type:              Min at Fast Process Corner
  Data Path Delay:        2.423ns  (logic 1.612ns (66.538%)  route 0.811ns (33.462%))
  Logic Levels:           3  (IBUF=1 LUT5=1 OBUF=1)

    Location             Delay type                Incr(ns)  Path(ns)    Netlist Resource(s)
  -------------------------------------------------------------------    -------------------
    T1                                                0.000     0.000 r  sw[12] (IN)
                         net (fo=0)                   0.000     0.000    sw[12]
    T1                   IBUF (Prop_ibuf_I_O)         0.245     0.245 r  sw_IBUF[12]_inst/O
                         net (fo=3, routed)           0.335     0.580    sw_IBUF[12]
    SLICE_X89Y65         LUT5 (Prop_lut5_I3_O)        0.048     0.628 r  led_OBUF[4]_inst_i_1/O
                         net (fo=1, routed)           0.476     1.104    led_OBUF[4]
    T5                   OBUF (Prop_obuf_I_O)         1.319     2.423 r  led_OBUF[4]_inst/O
                         net (fo=0)                   0.000     2.423    led[4]
    T5                                                                r  led[4] (OUT)
  -------------------------------------------------------------------    -------------------

Slack:                    inf
  Source:                 sw[3]
                            (input port)
  Destination:            led[3]
                            (output port)
  Path Group:             (none)
  Path Type:              Min at Fast Process Corner
  Data Path Delay:        2.436ns  (logic 1.563ns (64.193%)  route 0.872ns (35.807%))
  Logic Levels:           3  (IBUF=1 LUT3=1 OBUF=1)

    Location             Delay type                Incr(ns)  Path(ns)    Netlist Resource(s)
  -------------------------------------------------------------------    -------------------
    R6                                                0.000     0.000 r  sw[3] (IN)
                         net (fo=0)                   0.000     0.000    sw[3]
    R6                   IBUF (Prop_ibuf_I_O)         0.263     0.263 r  sw_IBUF[3]_inst/O
                         net (fo=4, routed)           0.389     0.652    sw_IBUF[3]
    SLICE_X89Y62         LUT3 (Prop_lut3_I2_O)        0.045     0.697 r  led_OBUF[3]_inst_i_1/O
                         net (fo=1, routed)           0.483     1.180    led_OBUF[3]
    T6                   OBUF (Prop_obuf_I_O)         1.256     2.436 r  led_OBUF[3]_inst/O
                         net (fo=0)                   0.000     2.436    led[3]
    T6                                                                r  led[3] (OUT)
  -------------------------------------------------------------------    -------------------

Slack:                    inf
  Source:                 sw[5]
                            (input port)
  Destination:            led[7]
                            (output port)
  Path Group:             (none)
  Path Type:              Min at Fast Process Corner
  Data Path Delay:        2.532ns  (logic 1.585ns (62.615%)  route 0.947ns (37.385%))
  Logic Levels:           3  (IBUF=1 LUT6=1 OBUF=1)

    Location             Delay type                Incr(ns)  Path(ns)    Netlist Resource(s)
  -------------------------------------------------------------------    -------------------
    V7                                                0.000     0.000 r  sw[5] (IN)
                         net (fo=0)                   0.000     0.000    sw[5]
    V7                   IBUF (Prop_ibuf_I_O)         0.278     0.278 r  sw_IBUF[5]_inst/O
                         net (fo=5, routed)           0.441     0.719    sw_IBUF[5]
    SLICE_X89Y67         LUT6 (Prop_lut6_I3_O)        0.045     0.764 r  led_OBUF[7]_inst_i_1/O
                         net (fo=1, routed)           0.505     1.269    led_OBUF[7]
    U6                   OBUF (Prop_obuf_I_O)         1.263     2.532 r  led_OBUF[7]_inst/O
                         net (fo=0)                   0.000     2.532    led[7]
    U6                                                                r  led[7] (OUT)
  -------------------------------------------------------------------    -------------------

Slack:                    inf
  Source:                 sw[15]
                            (input port)
  Destination:            led[8]
                            (output port)
  Path Group:             (none)
  Path Type:              Min at Fast Process Corner
  Data Path Delay:        2.535ns  (logic 1.564ns (61.703%)  route 0.971ns (38.297%))
  Logic Levels:           3  (IBUF=1 LUT6=1 OBUF=1)

    Location             Delay type                Incr(ns)  Path(ns)    Netlist Resource(s)
  -------------------------------------------------------------------    -------------------
    P4                                                0.000     0.000 r  sw[15] (IN)
                         net (fo=0)                   0.000     0.000    sw[15]
    P4                   IBUF (Prop_ibuf_I_O)         0.242     0.242 r  sw_IBUF[15]_inst/O
                         net (fo=2, routed)           0.447     0.688    sw_IBUF[15]
    SLICE_X89Y67         LUT6 (Prop_lut6_I5_O)        0.045     0.733 r  led_OBUF[8]_inst_i_1/O
                         net (fo=1, routed)           0.524     1.257    led_OBUF[8]
    V4                   OBUF (Prop_obuf_I_O)         1.277     2.535 r  led_OBUF[8]_inst/O
                         net (fo=0)                   0.000     2.535    led[8]
    V4                                                                r  led[8] (OUT)
  -------------------------------------------------------------------    -------------------

Slack:                    inf
  Source:                 sw[12]
                            (input port)
  Destination:            led[6]
                            (output port)
  Path Group:             (none)
  Path Type:              Min at Fast Process Corner
  Data Path Delay:        2.574ns  (logic 1.594ns (61.951%)  route 0.979ns (38.049%))
  Logic Levels:           4  (IBUF=1 LUT5=2 OBUF=1)

    Location             Delay type                Incr(ns)  Path(ns)    Netlist Resource(s)
  -------------------------------------------------------------------    -------------------
    T1                                                0.000     0.000 r  sw[12] (IN)
                         net (fo=0)                   0.000     0.000    sw[12]
    T1                   IBUF (Prop_ibuf_I_O)         0.245     0.245 r  sw_IBUF[12]_inst/O
                         net (fo=3, routed)           0.335     0.580    sw_IBUF[12]
    SLICE_X89Y65         LUT5 (Prop_lut5_I4_O)        0.045     0.625 r  led_OBUF[7]_inst_i_2/O
                         net (fo=3, routed)           0.151     0.775    adder_1/carry_5__2
    SLICE_X89Y67         LUT5 (Prop_lut5_I2_O)        0.045     0.820 r  led_OBUF[6]_inst_i_1/O
                         net (fo=1, routed)           0.494     1.314    led_OBUF[6]
    U7                   OBUF (Prop_obuf_I_O)         1.259     2.574 r  led_OBUF[6]_inst/O
                         net (fo=0)                   0.000     2.574    led[6]
    U7                                                                r  led[6] (OUT)
  -------------------------------------------------------------------    -------------------

Slack:                    inf
  Source:                 sw[0]
                            (input port)
  Destination:            led[0]
                            (output port)
  Path Group:             (none)
  Path Type:              Min at Fast Process Corner
  Data Path Delay:        2.592ns  (logic 1.639ns (63.251%)  route 0.953ns (36.749%))
  Logic Levels:           3  (IBUF=1 LUT2=1 OBUF=1)

    Location             Delay type                Incr(ns)  Path(ns)    Netlist Resource(s)
  -------------------------------------------------------------------    -------------------
    U9                                                0.000     0.000 r  sw[0] (IN)
                         net (fo=0)                   0.000     0.000    sw[0]
    U9                   IBUF (Prop_ibuf_I_O)         0.281     0.281 r  sw_IBUF[0]_inst/O
                         net (fo=4, routed)           0.530     0.811    sw_IBUF[0]
    SLICE_X89Y57         LUT2 (Prop_lut2_I0_O)        0.044     0.855 r  led_OBUF[0]_inst_i_1/O
                         net (fo=1, routed)           0.422     1.277    led_OBUF[0]
    T8                   OBUF (Prop_obuf_I_O)         1.315     2.592 r  led_OBUF[0]_inst/O
                         net (fo=0)                   0.000     2.592    led[0]
    T8                                                                r  led[0] (OUT)
  -------------------------------------------------------------------    -------------------

Slack:                    inf
  Source:                 sw[12]
                            (input port)
  Destination:            led[5]
                            (output port)
  Path Group:             (none)
  Path Type:              Min at Fast Process Corner
  Data Path Delay:        2.608ns  (logic 1.652ns (63.350%)  route 0.956ns (36.650%))
  Logic Levels:           4  (IBUF=1 LUT3=1 LUT5=1 OBUF=1)

    Location             Delay type                Incr(ns)  Path(ns)    Netlist Resource(s)
  -------------------------------------------------------------------    -------------------
    T1                                                0.000     0.000 r  sw[12] (IN)
                         net (fo=0)                   0.000     0.000    sw[12]
    T1                   IBUF (Prop_ibuf_I_O)         0.245     0.245 r  sw_IBUF[12]_inst/O
                         net (fo=3, routed)           0.335     0.580    sw_IBUF[12]
    SLICE_X89Y65         LUT5 (Prop_lut5_I4_O)        0.045     0.625 r  led_OBUF[7]_inst_i_2/O
                         net (fo=3, routed)           0.151     0.775    adder_1/carry_5__2
    SLICE_X89Y67         LUT3 (Prop_lut3_I0_O)        0.048     0.823 r  led_OBUF[5]_inst_i_1/O
                         net (fo=1, routed)           0.471     1.294    led_OBUF[5]
    T4                   OBUF (Prop_obuf_I_O)         1.314     2.608 r  led_OBUF[5]_inst/O
                         net (fo=0)                   0.000     2.608    led[5]
    T4                                                                r  led[5] (OUT)
  -------------------------------------------------------------------    -------------------





