
*** Running vivado
    with args -log Top.vdi -applog -m64 -product Vivado -messageDb vivado.pb -mode batch -source Top.tcl -notrace


****** Vivado v2023.2 (64-bit)
  **** SW Build 4029153 on Fri Oct 13 20:13:54 MDT 2023
  **** IP Build 4028589 on Sat Oct 14 00:45:43 MDT 2023
  **** SharedData Build 4025554 on Tue Oct 10 17:18:54 MDT 2023
    ** Copyright 1986-2022 Xilinx, Inc. All Rights Reserved.
    ** Copyright 2022-2023 Advanced Micro Devices, Inc. All Rights Reserved.

source Top.tcl -notrace
Command: link_design -top Top -part xc7a100tcsg324-1
Design is defaulting to srcset: sources_1
Design is defaulting to constrset: constrs_1
INFO: [Device 21-403] Loading part xc7a100tcsg324-1
Netlist sorting complete. Time (s): cpu = 00:00:00 ; elapsed = 00:00:00 . Memory (MB): peak = 1612.898 ; gain = 0.000 ; free physical = 47691 ; free virtual = 57136
INFO: [Project 1-479] Netlist was created with Vivado 2023.2
INFO: [Project 1-570] Preparing netlist for logic optimization
Parsing XDC File [/home/krithikh/NUS Modules/CS2100DE/Labs/Lab3/Lab3.srcs/constrs_1/imports/Downloads/Nexys-4-Master.xdc]
Finished Parsing XDC File [/home/krithikh/NUS Modules/CS2100DE/Labs/Lab3/Lab3.srcs/constrs_1/imports/Downloads/Nexys-4-Master.xdc]
INFO: [Opt 31-138] Pushed 0 inverter(s) to 0 load pin(s).
Netlist sorting complete. Time (s): cpu = 00:00:00 ; elapsed = 00:00:00 . Memory (MB): peak = 1828.457 ; gain = 0.000 ; free physical = 47607 ; free virtual = 57052
INFO: [Project 1-111] Unisim Transformation Summary:
No Unisim elements were transformed.

sh: 1: cannot create /home/krithikh/NUS: Is a directory
5 Infos, 0 Warnings, 0 Critical Warnings and 0 Errors encountered.
link_design completed successfully
Command: opt_design
Attempting to get a license for feature 'Implementation' and/or device 'xc7a100t'
INFO: [Common 17-349] Got license for feature 'Implementation' and/or device 'xc7a100t'
Running DRC as a precondition to command opt_design

Starting DRC Task
INFO: [DRC 23-27] Running DRC with 8 threads
INFO: [Project 1-461] DRC finished with 0 Errors
INFO: [Project 1-462] Please refer to the DRC report (report_drc) for more information.

Time (s): cpu = 00:00:00.5 ; elapsed = 00:00:00.31 . Memory (MB): peak = 1916.270 ; gain = 83.809 ; free physical = 47587 ; free virtual = 57032

Starting Cache Timing Information Task
INFO: [Timing 38-35] Done setting XDC timing constraints.
Ending Cache Timing Information Task | Checksum: 1cd37dbe4

Time (s): cpu = 00:00:03 ; elapsed = 00:00:03 . Memory (MB): peak = 2402.129 ; gain = 485.859 ; free physical = 47185 ; free virtual = 56633

Starting Logic Optimization Task

Phase 1 Initialization

Phase 1.1 Core Generation And Design Setup
Phase 1.1 Core Generation And Design Setup | Checksum: 1cd37dbe4

Time (s): cpu = 00:00:00 ; elapsed = 00:00:00.01 . Memory (MB): peak = 2706.965 ; gain = 0.000 ; free physical = 46879 ; free virtual = 56324

Phase 1.2 Setup Constraints And Sort Netlist
Phase 1.2 Setup Constraints And Sort Netlist | Checksum: 1cd37dbe4

Time (s): cpu = 00:00:00.01 ; elapsed = 00:00:00.01 . Memory (MB): peak = 2706.965 ; gain = 0.000 ; free physical = 46879 ; free virtual = 56324
Phase 1 Initialization | Checksum: 1cd37dbe4

Time (s): cpu = 00:00:00.01 ; elapsed = 00:00:00.01 . Memory (MB): peak = 2706.965 ; gain = 0.000 ; free physical = 46879 ; free virtual = 56324

Phase 2 Timer Update And Timing Data Collection

Phase 2.1 Timer Update
Phase 2.1 Timer Update | Checksum: 1cd37dbe4

Time (s): cpu = 00:00:00.01 ; elapsed = 00:00:00.01 . Memory (MB): peak = 2706.965 ; gain = 0.000 ; free physical = 46879 ; free virtual = 56324

Phase 2.2 Timing Data Collection
Phase 2.2 Timing Data Collection | Checksum: 1cd37dbe4

Time (s): cpu = 00:00:00.01 ; elapsed = 00:00:00.01 . Memory (MB): peak = 2706.965 ; gain = 0.000 ; free physical = 46879 ; free virtual = 56324
Phase 2 Timer Update And Timing Data Collection | Checksum: 1cd37dbe4

Time (s): cpu = 00:00:00.01 ; elapsed = 00:00:00.01 . Memory (MB): peak = 2706.965 ; gain = 0.000 ; free physical = 46879 ; free virtual = 56324

Phase 3 Retarget
INFO: [Opt 31-138] Pushed 0 inverter(s) to 0 load pin(s).
INFO: [Opt 31-49] Retargeted 0 cell(s).
Phase 3 Retarget | Checksum: 1cd37dbe4

Time (s): cpu = 00:00:00.01 ; elapsed = 00:00:00.01 . Memory (MB): peak = 2706.965 ; gain = 0.000 ; free physical = 46879 ; free virtual = 56324
Retarget | Checksum: 1cd37dbe4
INFO: [Opt 31-389] Phase Retarget created 0 cells and removed 0 cells

Phase 4 Constant propagation
INFO: [Opt 31-138] Pushed 0 inverter(s) to 0 load pin(s).
Phase 4 Constant propagation | Checksum: 1cd37dbe4

Time (s): cpu = 00:00:00.01 ; elapsed = 00:00:00.01 . Memory (MB): peak = 2706.965 ; gain = 0.000 ; free physical = 46879 ; free virtual = 56324
Constant propagation | Checksum: 1cd37dbe4
INFO: [Opt 31-389] Phase Constant propagation created 0 cells and removed 0 cells

Phase 5 Sweep
Phase 5 Sweep | Checksum: 1cd37dbe4

Time (s): cpu = 00:00:00.01 ; elapsed = 00:00:00.02 . Memory (MB): peak = 2706.965 ; gain = 0.000 ; free physical = 46879 ; free virtual = 56324
Sweep | Checksum: 1cd37dbe4
INFO: [Opt 31-389] Phase Sweep created 0 cells and removed 0 cells

Phase 6 BUFG optimization
Phase 6 BUFG optimization | Checksum: 1cd37dbe4

Time (s): cpu = 00:00:00.01 ; elapsed = 00:00:00.02 . Memory (MB): peak = 2738.980 ; gain = 32.016 ; free physical = 46879 ; free virtual = 56324
BUFG optimization | Checksum: 1cd37dbe4
INFO: [Opt 31-662] Phase BUFG optimization created 0 cells of which 0 are BUFGs and removed 0 cells.

Phase 7 Shift Register Optimization
INFO: [Opt 31-1064] SRL Remap converted 0 SRLs to 0 registers and converted 0 registers of register chains to 0 SRLs
Phase 7 Shift Register Optimization | Checksum: 1cd37dbe4

Time (s): cpu = 00:00:00.01 ; elapsed = 00:00:00.02 . Memory (MB): peak = 2738.980 ; gain = 32.016 ; free physical = 46879 ; free virtual = 56324
Shift Register Optimization | Checksum: 1cd37dbe4
INFO: [Opt 31-389] Phase Shift Register Optimization created 0 cells and removed 0 cells

Phase 8 Post Processing Netlist
Phase 8 Post Processing Netlist | Checksum: 1cd37dbe4

Time (s): cpu = 00:00:00.02 ; elapsed = 00:00:00.02 . Memory (MB): peak = 2738.980 ; gain = 32.016 ; free physical = 46879 ; free virtual = 56324
Post Processing Netlist | Checksum: 1cd37dbe4
INFO: [Opt 31-389] Phase Post Processing Netlist created 0 cells and removed 0 cells

Phase 9 Finalization

Phase 9.1 Finalizing Design Cores and Updating Shapes
Phase 9.1 Finalizing Design Cores and Updating Shapes | Checksum: 1cd37dbe4

Time (s): cpu = 00:00:00.02 ; elapsed = 00:00:00.02 . Memory (MB): peak = 2738.980 ; gain = 32.016 ; free physical = 46879 ; free virtual = 56324

Phase 9.2 Verifying Netlist Connectivity

Starting Connectivity Check Task

Time (s): cpu = 00:00:00 ; elapsed = 00:00:00 . Memory (MB): peak = 2738.980 ; gain = 0.000 ; free physical = 46879 ; free virtual = 56324
Phase 9.2 Verifying Netlist Connectivity | Checksum: 1cd37dbe4

Time (s): cpu = 00:00:00.02 ; elapsed = 00:00:00.02 . Memory (MB): peak = 2738.980 ; gain = 32.016 ; free physical = 46879 ; free virtual = 56324
Phase 9 Finalization | Checksum: 1cd37dbe4

Time (s): cpu = 00:00:00.02 ; elapsed = 00:00:00.02 . Memory (MB): peak = 2738.980 ; gain = 32.016 ; free physical = 46879 ; free virtual = 56324
Opt_design Change Summary
=========================


-------------------------------------------------------------------------------------------------------------------------
|  Phase                        |  #Cells created  |  #Cells Removed  |  #Constrained objects preventing optimizations  |
-------------------------------------------------------------------------------------------------------------------------
|  Retarget                     |               0  |               0  |                                              0  |
|  Constant propagation         |               0  |               0  |                                              0  |
|  Sweep                        |               0  |               0  |                                              0  |
|  BUFG optimization            |               0  |               0  |                                              0  |
|  Shift Register Optimization  |               0  |               0  |                                              0  |
|  Post Processing Netlist      |               0  |               0  |                                              0  |
-------------------------------------------------------------------------------------------------------------------------


Ending Logic Optimization Task | Checksum: 1cd37dbe4

Time (s): cpu = 00:00:00.02 ; elapsed = 00:00:00.02 . Memory (MB): peak = 2738.980 ; gain = 32.016 ; free physical = 46879 ; free virtual = 56324
INFO: [Constraints 18-11670] Building netlist checker database with flags, 0x8
Done building netlist checker database: Time (s): cpu = 00:00:00 ; elapsed = 00:00:00 . Memory (MB): peak = 2738.980 ; gain = 0.000 ; free physical = 46879 ; free virtual = 56324

Starting Power Optimization Task
INFO: [Pwropt 34-132] Skipping clock gating for clocks with a period < 2.00 ns.
Ending Power Optimization Task | Checksum: 1cd37dbe4

Time (s): cpu = 00:00:00 ; elapsed = 00:00:00 . Memory (MB): peak = 2738.980 ; gain = 0.000 ; free physical = 46879 ; free virtual = 56324

Starting Final Cleanup Task
Ending Final Cleanup Task | Checksum: 1cd37dbe4

Time (s): cpu = 00:00:00 ; elapsed = 00:00:00 . Memory (MB): peak = 2738.980 ; gain = 0.000 ; free physical = 46879 ; free virtual = 56324

Starting Netlist Obfuscation Task
Netlist sorting complete. Time (s): cpu = 00:00:00 ; elapsed = 00:00:00 . Memory (MB): peak = 2738.980 ; gain = 0.000 ; free physical = 46879 ; free virtual = 56324
Ending Netlist Obfuscation Task | Checksum: 1cd37dbe4

Time (s): cpu = 00:00:00 ; elapsed = 00:00:00 . Memory (MB): peak = 2738.980 ; gain = 0.000 ; free physical = 46879 ; free virtual = 56324
INFO: [Common 17-83] Releasing license: Implementation
23 Infos, 0 Warnings, 0 Critical Warnings and 0 Errors encountered.
opt_design completed successfully
INFO: [runtcl-4] Executing : report_drc -file Top_drc_opted.rpt -pb Top_drc_opted.pb -rpx Top_drc_opted.rpx
Command: report_drc -file Top_drc_opted.rpt -pb Top_drc_opted.pb -rpx Top_drc_opted.rpx
INFO: [IP_Flow 19-234] Refreshing IP repositories
INFO: [IP_Flow 19-1704] No user IP repositories specified
INFO: [IP_Flow 19-2313] Loaded Vivado IP repository '/Xilinx/Vivado/2023.2/data/ip'.
INFO: [DRC 23-27] Running DRC with 8 threads
INFO: [Vivado_Tcl 2-168] The results of DRC are in file /home/krithikh/NUS Modules/CS2100DE/Labs/Lab3/Lab3.runs/impl_1/Top_drc_opted.rpt.
report_drc completed successfully
INFO: [Timing 38-480] Writing timing data to binary archive.
Wrote PlaceDB: Time (s): cpu = 00:00:00 ; elapsed = 00:00:00 . Memory (MB): peak = 2819.020 ; gain = 0.000 ; free physical = 46854 ; free virtual = 56299
Wrote PulsedLatchDB: Time (s): cpu = 00:00:00 ; elapsed = 00:00:00 . Memory (MB): peak = 2819.020 ; gain = 0.000 ; free physical = 46854 ; free virtual = 56299
Writing XDEF routing.
Write ShapeDB Complete: Time (s): cpu = 00:00:00.01 ; elapsed = 00:00:00 . Memory (MB): peak = 2819.020 ; gain = 0.000 ; free physical = 46854 ; free virtual = 56299
Writing XDEF routing logical nets.
Writing XDEF routing special nets.
Wrote RouteStorage: Time (s): cpu = 00:00:00.03 ; elapsed = 00:00:00.01 . Memory (MB): peak = 2819.020 ; gain = 0.000 ; free physical = 46854 ; free virtual = 56299
Wrote Netlist Cache: Time (s): cpu = 00:00:00 ; elapsed = 00:00:00 . Memory (MB): peak = 2819.020 ; gain = 0.000 ; free physical = 46854 ; free virtual = 56299
Wrote Device Cache: Time (s): cpu = 00:00:00 ; elapsed = 00:00:00 . Memory (MB): peak = 2819.020 ; gain = 0.000 ; free physical = 46854 ; free virtual = 56299
Write Physdb Complete: Time (s): cpu = 00:00:00.03 ; elapsed = 00:00:00.01 . Memory (MB): peak = 2819.020 ; gain = 0.000 ; free physical = 46854 ; free virtual = 56299
INFO: [Common 17-1381] The checkpoint '/home/krithikh/NUS Modules/CS2100DE/Labs/Lab3/Lab3.runs/impl_1/Top_opt.dcp' has been generated.
Command: place_design
Attempting to get a license for feature 'Implementation' and/or device 'xc7a100t'
INFO: [Common 17-349] Got license for feature 'Implementation' and/or device 'xc7a100t'
INFO: [Common 17-83] Releasing license: Implementation
INFO: [DRC 23-27] Running DRC with 8 threads
INFO: [Vivado_Tcl 4-198] DRC finished with 0 Errors
INFO: [Vivado_Tcl 4-199] Please refer to the DRC report (report_drc) for more information.
Running DRC as a precondition to command place_design
INFO: [DRC 23-27] Running DRC with 8 threads
INFO: [Vivado_Tcl 4-198] DRC finished with 0 Errors
INFO: [Vivado_Tcl 4-199] Please refer to the DRC report (report_drc) for more information.
INFO: [Place 30-611] Multithreading enabled for place_design using a maximum of 8 CPUs

Starting Placer Task

Phase 1 Placer Initialization

Phase 1.1 Placer Initialization Netlist Sorting
Netlist sorting complete. Time (s): cpu = 00:00:00 ; elapsed = 00:00:00 . Memory (MB): peak = 2819.020 ; gain = 0.000 ; free physical = 46852 ; free virtual = 56298
Phase 1.1 Placer Initialization Netlist Sorting | Checksum: 17fb447ff

Time (s): cpu = 00:00:00 ; elapsed = 00:00:00 . Memory (MB): peak = 2819.020 ; gain = 0.000 ; free physical = 46852 ; free virtual = 56298
Netlist sorting complete. Time (s): cpu = 00:00:00 ; elapsed = 00:00:00 . Memory (MB): peak = 2819.020 ; gain = 0.000 ; free physical = 46852 ; free virtual = 56298

Phase 1.2 IO Placement/ Clock Placement/ Build Placer Device
INFO: [Timing 38-35] Done setting XDC timing constraints.
Phase 1.2 IO Placement/ Clock Placement/ Build Placer Device | Checksum: 17fb447ff

Time (s): cpu = 00:00:00.2 ; elapsed = 00:00:00.05 . Memory (MB): peak = 2819.020 ; gain = 0.000 ; free physical = 46850 ; free virtual = 56296

Phase 1.3 Build Placer Netlist Model
Phase 1.3 Build Placer Netlist Model | Checksum: 1a8f67124

Time (s): cpu = 00:00:00.25 ; elapsed = 00:00:00.06 . Memory (MB): peak = 2819.020 ; gain = 0.000 ; free physical = 46850 ; free virtual = 56296

Phase 1.4 Constrain Clocks/Macros
Phase 1.4 Constrain Clocks/Macros | Checksum: 1a8f67124

Time (s): cpu = 00:00:00.26 ; elapsed = 00:00:00.06 . Memory (MB): peak = 2819.020 ; gain = 0.000 ; free physical = 46850 ; free virtual = 56296
Phase 1 Placer Initialization | Checksum: 1a8f67124

Time (s): cpu = 00:00:00.26 ; elapsed = 00:00:00.06 . Memory (MB): peak = 2819.020 ; gain = 0.000 ; free physical = 46850 ; free virtual = 56296

Phase 2 Global Placement

Phase 2.1 Floorplanning
Phase 2.1 Floorplanning | Checksum: 1a8f67124

Time (s): cpu = 00:00:00.26 ; elapsed = 00:00:00.07 . Memory (MB): peak = 2819.020 ; gain = 0.000 ; free physical = 46850 ; free virtual = 56296

Phase 2.2 Update Timing before SLR Path Opt
Phase 2.2 Update Timing before SLR Path Opt | Checksum: 1a8f67124

Time (s): cpu = 00:00:00.26 ; elapsed = 00:00:00.07 . Memory (MB): peak = 2819.020 ; gain = 0.000 ; free physical = 46850 ; free virtual = 56296

Phase 2.3 Post-Processing in Floorplanning
Phase 2.3 Post-Processing in Floorplanning | Checksum: 1a8f67124

Time (s): cpu = 00:00:00.26 ; elapsed = 00:00:00.07 . Memory (MB): peak = 2819.020 ; gain = 0.000 ; free physical = 46850 ; free virtual = 56296

Phase 2.4 Global Placement Core
WARNING: [Place 46-29] Timing had been disabled during Placer and, therefore, physical synthesis in Placer will be skipped.
Phase 2.4 Global Placement Core | Checksum: 1c0f966a9

Time (s): cpu = 00:00:00.65 ; elapsed = 00:00:00.14 . Memory (MB): peak = 2819.020 ; gain = 0.000 ; free physical = 46859 ; free virtual = 56305
Phase 2 Global Placement | Checksum: 1c0f966a9

Time (s): cpu = 00:00:00.65 ; elapsed = 00:00:00.14 . Memory (MB): peak = 2819.020 ; gain = 0.000 ; free physical = 46859 ; free virtual = 56305

Phase 3 Detail Placement

Phase 3.1 Commit Multi Column Macros
Phase 3.1 Commit Multi Column Macros | Checksum: 1c0f966a9

Time (s): cpu = 00:00:00.66 ; elapsed = 00:00:00.14 . Memory (MB): peak = 2819.020 ; gain = 0.000 ; free physical = 46859 ; free virtual = 56304

Phase 3.2 Commit Most Macros & LUTRAMs
Phase 3.2 Commit Most Macros & LUTRAMs | Checksum: 23d4a5407

Time (s): cpu = 00:00:00.69 ; elapsed = 00:00:00.14 . Memory (MB): peak = 2819.020 ; gain = 0.000 ; free physical = 46859 ; free virtual = 56304

Phase 3.3 Area Swap Optimization
Phase 3.3 Area Swap Optimization | Checksum: 1ccf78fe9

Time (s): cpu = 00:00:00.7 ; elapsed = 00:00:00.14 . Memory (MB): peak = 2819.020 ; gain = 0.000 ; free physical = 46862 ; free virtual = 56307

Phase 3.4 Pipeline Register Optimization
Phase 3.4 Pipeline Register Optimization | Checksum: 1ccf78fe9

Time (s): cpu = 00:00:00.71 ; elapsed = 00:00:00.14 . Memory (MB): peak = 2819.020 ; gain = 0.000 ; free physical = 46862 ; free virtual = 56307

Phase 3.5 Small Shape Detail Placement
Phase 3.5 Small Shape Detail Placement | Checksum: 1772e6711

Time (s): cpu = 00:00:01 ; elapsed = 00:00:00.21 . Memory (MB): peak = 2819.020 ; gain = 0.000 ; free physical = 46860 ; free virtual = 56305

Phase 3.6 Re-assign LUT pins
Phase 3.6 Re-assign LUT pins | Checksum: 1772e6711

Time (s): cpu = 00:00:01 ; elapsed = 00:00:00.21 . Memory (MB): peak = 2819.020 ; gain = 0.000 ; free physical = 46860 ; free virtual = 56305

Phase 3.7 Pipeline Register Optimization
Phase 3.7 Pipeline Register Optimization | Checksum: 1772e6711

Time (s): cpu = 00:00:01 ; elapsed = 00:00:00.21 . Memory (MB): peak = 2819.020 ; gain = 0.000 ; free physical = 46860 ; free virtual = 56305
Phase 3 Detail Placement | Checksum: 1772e6711

Time (s): cpu = 00:00:01 ; elapsed = 00:00:00.21 . Memory (MB): peak = 2819.020 ; gain = 0.000 ; free physical = 46860 ; free virtual = 56305

Phase 4 Post Placement Optimization and Clean-Up

Phase 4.1 Post Commit Optimization
Phase 4.1 Post Commit Optimization | Checksum: 1772e6711

Time (s): cpu = 00:00:01 ; elapsed = 00:00:00.23 . Memory (MB): peak = 2819.020 ; gain = 0.000 ; free physical = 46860 ; free virtual = 56305

Phase 4.2 Post Placement Cleanup
Phase 4.2 Post Placement Cleanup | Checksum: 1772e6711

Time (s): cpu = 00:00:01 ; elapsed = 00:00:00.23 . Memory (MB): peak = 2819.020 ; gain = 0.000 ; free physical = 46860 ; free virtual = 56305

Phase 4.3 Placer Reporting

Phase 4.3.1 Print Estimated Congestion
INFO: [Place 30-612] Post-Placement Estimated Congestion 
 ____________________________________________________
|           | Global Congestion | Short Congestion  |
| Direction | Region Size       | Region Size       |
|___________|___________________|___________________|
|      North|                1x1|                1x1|
|___________|___________________|___________________|
|      South|                1x1|                1x1|
|___________|___________________|___________________|
|       East|                1x1|                1x1|
|___________|___________________|___________________|
|       West|                1x1|                1x1|
|___________|___________________|___________________|

Phase 4.3.1 Print Estimated Congestion | Checksum: 1772e6711

Time (s): cpu = 00:00:01 ; elapsed = 00:00:00.23 . Memory (MB): peak = 2819.020 ; gain = 0.000 ; free physical = 46860 ; free virtual = 56305
Phase 4.3 Placer Reporting | Checksum: 1772e6711

Time (s): cpu = 00:00:01 ; elapsed = 00:00:00.23 . Memory (MB): peak = 2819.020 ; gain = 0.000 ; free physical = 46860 ; free virtual = 56305

Phase 4.4 Final Placement Cleanup
Netlist sorting complete. Time (s): cpu = 00:00:00.01 ; elapsed = 00:00:00.01 . Memory (MB): peak = 2819.020 ; gain = 0.000 ; free physical = 46860 ; free virtual = 56305

Time (s): cpu = 00:00:01 ; elapsed = 00:00:00.24 . Memory (MB): peak = 2819.020 ; gain = 0.000 ; free physical = 46860 ; free virtual = 56305
Phase 4 Post Placement Optimization and Clean-Up | Checksum: 1772e6711

Time (s): cpu = 00:00:01 ; elapsed = 00:00:00.24 . Memory (MB): peak = 2819.020 ; gain = 0.000 ; free physical = 46860 ; free virtual = 56305
Ending Placer Task | Checksum: bdf9db92

Time (s): cpu = 00:00:01 ; elapsed = 00:00:00.24 . Memory (MB): peak = 2819.020 ; gain = 0.000 ; free physical = 46860 ; free virtual = 56305
42 Infos, 1 Warnings, 0 Critical Warnings and 0 Errors encountered.
place_design completed successfully
INFO: [runtcl-4] Executing : report_io -file Top_io_placed.rpt
report_io: Time (s): cpu = 00:00:00.1 ; elapsed = 00:00:00.09 . Memory (MB): peak = 2819.020 ; gain = 0.000 ; free physical = 46843 ; free virtual = 56288
INFO: [runtcl-4] Executing : report_utilization -file Top_utilization_placed.rpt -pb Top_utilization_placed.pb
INFO: [runtcl-4] Executing : report_control_sets -verbose -file Top_control_sets_placed.rpt
report_control_sets: Time (s): cpu = 00:00:00.03 ; elapsed = 00:00:00.07 . Memory (MB): peak = 2819.020 ; gain = 0.000 ; free physical = 46814 ; free virtual = 56265
INFO: [Timing 38-480] Writing timing data to binary archive.
Write ShapeDB Complete: Time (s): cpu = 00:00:00.01 ; elapsed = 00:00:00 . Memory (MB): peak = 2819.020 ; gain = 0.000 ; free physical = 46814 ; free virtual = 56265
Wrote PlaceDB: Time (s): cpu = 00:00:00.01 ; elapsed = 00:00:00 . Memory (MB): peak = 2819.020 ; gain = 0.000 ; free physical = 46814 ; free virtual = 56266
Wrote PulsedLatchDB: Time (s): cpu = 00:00:00 ; elapsed = 00:00:00 . Memory (MB): peak = 2819.020 ; gain = 0.000 ; free physical = 46814 ; free virtual = 56266
Writing XDEF routing.
Writing XDEF routing logical nets.
Writing XDEF routing special nets.
Wrote RouteStorage: Time (s): cpu = 00:00:00.02 ; elapsed = 00:00:00.01 . Memory (MB): peak = 2819.020 ; gain = 0.000 ; free physical = 46814 ; free virtual = 56266
Wrote Netlist Cache: Time (s): cpu = 00:00:00 ; elapsed = 00:00:00 . Memory (MB): peak = 2819.020 ; gain = 0.000 ; free physical = 46814 ; free virtual = 56266
Wrote Device Cache: Time (s): cpu = 00:00:00 ; elapsed = 00:00:00.01 . Memory (MB): peak = 2819.020 ; gain = 0.000 ; free physical = 46813 ; free virtual = 56265
Write Physdb Complete: Time (s): cpu = 00:00:00.03 ; elapsed = 00:00:00.02 . Memory (MB): peak = 2819.020 ; gain = 0.000 ; free physical = 46813 ; free virtual = 56265
INFO: [Common 17-1381] The checkpoint '/home/krithikh/NUS Modules/CS2100DE/Labs/Lab3/Lab3.runs/impl_1/Top_placed.dcp' has been generated.
Command: phys_opt_design
Attempting to get a license for feature 'Implementation' and/or device 'xc7a100t'
INFO: [Common 17-349] Got license for feature 'Implementation' and/or device 'xc7a100t'

Starting Initial Update Timing Task

Time (s): cpu = 00:00:00 ; elapsed = 00:00:00.01 . Memory (MB): peak = 2819.020 ; gain = 0.000 ; free physical = 46811 ; free virtual = 56257
INFO: [Vivado_Tcl 4-235] No timing constraint found. The netlist was not modified.
INFO: [Common 17-83] Releasing license: Implementation
50 Infos, 1 Warnings, 0 Critical Warnings and 0 Errors encountered.
phys_opt_design completed successfully
INFO: [Timing 38-480] Writing timing data to binary archive.
Write ShapeDB Complete: Time (s): cpu = 00:00:00.01 ; elapsed = 00:00:00.01 . Memory (MB): peak = 2819.020 ; gain = 0.000 ; free physical = 46811 ; free virtual = 56257
Wrote PlaceDB: Time (s): cpu = 00:00:00.01 ; elapsed = 00:00:00.01 . Memory (MB): peak = 2819.020 ; gain = 0.000 ; free physical = 46810 ; free virtual = 56257
Wrote PulsedLatchDB: Time (s): cpu = 00:00:00 ; elapsed = 00:00:00 . Memory (MB): peak = 2819.020 ; gain = 0.000 ; free physical = 46810 ; free virtual = 56257
Writing XDEF routing.
Writing XDEF routing logical nets.
Writing XDEF routing special nets.
Wrote RouteStorage: Time (s): cpu = 00:00:00.02 ; elapsed = 00:00:00.01 . Memory (MB): peak = 2819.020 ; gain = 0.000 ; free physical = 46810 ; free virtual = 56256
Wrote Netlist Cache: Time (s): cpu = 00:00:00 ; elapsed = 00:00:00 . Memory (MB): peak = 2819.020 ; gain = 0.000 ; free physical = 46810 ; free virtual = 56256
Wrote Device Cache: Time (s): cpu = 00:00:00.01 ; elapsed = 00:00:00 . Memory (MB): peak = 2819.020 ; gain = 0.000 ; free physical = 46810 ; free virtual = 56257
Write Physdb Complete: Time (s): cpu = 00:00:00.05 ; elapsed = 00:00:00.02 . Memory (MB): peak = 2819.020 ; gain = 0.000 ; free physical = 46810 ; free virtual = 56257
INFO: [Common 17-1381] The checkpoint '/home/krithikh/NUS Modules/CS2100DE/Labs/Lab3/Lab3.runs/impl_1/Top_physopt.dcp' has been generated.
Command: route_design
Attempting to get a license for feature 'Implementation' and/or device 'xc7a100t'
INFO: [Common 17-349] Got license for feature 'Implementation' and/or device 'xc7a100t'
Running DRC as a precondition to command route_design
INFO: [DRC 23-27] Running DRC with 8 threads
INFO: [Vivado_Tcl 4-198] DRC finished with 0 Errors
INFO: [Vivado_Tcl 4-199] Please refer to the DRC report (report_drc) for more information.


Starting Routing Task
INFO: [Route 35-254] Multithreading enabled for route_design using a maximum of 8 CPUs

Phase 1 Build RT Design
Checksum: PlaceDB: 25e60e19 ConstDB: 0 ShapeSum: 9813cd79 RouteDB: 0
Post Restoration Checksum: NetGraph: 2017dc55 | NumContArr: f6e241cd | Constraints: c2a8fa9d | Timing: c2a8fa9d
Phase 1 Build RT Design | Checksum: 29c4c135c

Time (s): cpu = 00:00:12 ; elapsed = 00:00:10 . Memory (MB): peak = 2880.250 ; gain = 61.230 ; free physical = 46710 ; free virtual = 56157

Phase 2 Router Initialization
INFO: [Route 35-64] No timing constraints were detected. The router will operate in resource-optimization mode.

Phase 2.1 Fix Topology Constraints
Phase 2.1 Fix Topology Constraints | Checksum: 29c4c135c

Time (s): cpu = 00:00:12 ; elapsed = 00:00:10 . Memory (MB): peak = 2913.250 ; gain = 94.230 ; free physical = 46671 ; free virtual = 56118

Phase 2.2 Pre Route Cleanup
Phase 2.2 Pre Route Cleanup | Checksum: 29c4c135c

Time (s): cpu = 00:00:12 ; elapsed = 00:00:10 . Memory (MB): peak = 2913.250 ; gain = 94.230 ; free physical = 46671 ; free virtual = 56118
 Number of Nodes with overlaps = 0

Router Utilization Summary
  Global Vertical Routing Utilization    = 0 %
  Global Horizontal Routing Utilization  = 0 %
  Routable Net Status*
  *Does not include unroutable nets such as driverless and loadless.
  Run report_route_status for detailed report.
  Number of Failed Nets               = 22
    (Failed Nets is the sum of unrouted and partially routed nets)
  Number of Unrouted Nets             = 22
  Number of Partially Routed Nets     = 0
  Number of Node Overlaps             = 0

Phase 2 Router Initialization | Checksum: 2c05f541e

Time (s): cpu = 00:00:13 ; elapsed = 00:00:11 . Memory (MB): peak = 2945.109 ; gain = 126.090 ; free physical = 46642 ; free virtual = 56089

Phase 3 Initial Routing

Phase 3.1 Global Routing
Phase 3.1 Global Routing | Checksum: 2c05f541e

Time (s): cpu = 00:00:13 ; elapsed = 00:00:11 . Memory (MB): peak = 2945.109 ; gain = 126.090 ; free physical = 46642 ; free virtual = 56089

Phase 3.2 Initial Net Routing
Phase 3.2 Initial Net Routing | Checksum: 31c7257e5

Time (s): cpu = 00:00:13 ; elapsed = 00:00:11 . Memory (MB): peak = 2945.109 ; gain = 126.090 ; free physical = 46642 ; free virtual = 56089
Phase 3 Initial Routing | Checksum: 31c7257e5

Time (s): cpu = 00:00:13 ; elapsed = 00:00:11 . Memory (MB): peak = 2945.109 ; gain = 126.090 ; free physical = 46642 ; free virtual = 56089

Phase 4 Rip-up And Reroute

Phase 4.1 Global Iteration 0
 Number of Nodes with overlaps = 0
Phase 4.1 Global Iteration 0 | Checksum: 2e7a601d5

Time (s): cpu = 00:00:13 ; elapsed = 00:00:11 . Memory (MB): peak = 2945.109 ; gain = 126.090 ; free physical = 46642 ; free virtual = 56089
Phase 4 Rip-up And Reroute | Checksum: 2e7a601d5

Time (s): cpu = 00:00:13 ; elapsed = 00:00:11 . Memory (MB): peak = 2945.109 ; gain = 126.090 ; free physical = 46642 ; free virtual = 56089

Phase 5 Delay and Skew Optimization
Phase 5 Delay and Skew Optimization | Checksum: 2e7a601d5

Time (s): cpu = 00:00:13 ; elapsed = 00:00:11 . Memory (MB): peak = 2945.109 ; gain = 126.090 ; free physical = 46641 ; free virtual = 56088

Phase 6 Post Hold Fix

Phase 6.1 Hold Fix Iter
Phase 6.1 Hold Fix Iter | Checksum: 2e7a601d5

Time (s): cpu = 00:00:13 ; elapsed = 00:00:11 . Memory (MB): peak = 2945.109 ; gain = 126.090 ; free physical = 46641 ; free virtual = 56088
Phase 6 Post Hold Fix | Checksum: 2e7a601d5

Time (s): cpu = 00:00:13 ; elapsed = 00:00:11 . Memory (MB): peak = 2945.109 ; gain = 126.090 ; free physical = 46641 ; free virtual = 56088

Phase 7 Route finalize

Router Utilization Summary
  Global Vertical Routing Utilization    = 0.0172781 %
  Global Horizontal Routing Utilization  = 0.0039784 %
  Routable Net Status*
  *Does not include unroutable nets such as driverless and loadless.
  Run report_route_status for detailed report.
  Number of Failed Nets               = 0
    (Failed Nets is the sum of unrouted and partially routed nets)
  Number of Unrouted Nets             = 0
  Number of Partially Routed Nets     = 0
  Number of Node Overlaps             = 0


--GLOBAL Congestion:
Utilization threshold used for congestion level computation: 0.85
Congestion Report
North Dir 1x1 Area, Max Cong = 16.2162%, No Congested Regions.
South Dir 1x1 Area, Max Cong = 21.6216%, No Congested Regions.
East Dir 1x1 Area, Max Cong = 16.1765%, No Congested Regions.
West Dir 1x1 Area, Max Cong = 2.94118%, No Congested Regions.

------------------------------
Reporting congestion hotspots
------------------------------
Direction: North
----------------
Congested clusters found at Level 0
Effective congestion level: 0 Aspect Ratio: 1 Sparse Ratio: 0
Direction: South
----------------
Congested clusters found at Level 0
Effective congestion level: 0 Aspect Ratio: 1 Sparse Ratio: 0
Direction: East
----------------
Congested clusters found at Level 0
Effective congestion level: 0 Aspect Ratio: 1 Sparse Ratio: 0
Direction: West
----------------
Congested clusters found at Level 0
Effective congestion level: 0 Aspect Ratio: 1 Sparse Ratio: 0

Phase 7 Route finalize | Checksum: 2e7a601d5

Time (s): cpu = 00:00:13 ; elapsed = 00:00:11 . Memory (MB): peak = 2945.109 ; gain = 126.090 ; free physical = 46641 ; free virtual = 56088

Phase 8 Verifying routed nets

 Verification completed successfully
Phase 8 Verifying routed nets | Checksum: 2e7a601d5

Time (s): cpu = 00:00:13 ; elapsed = 00:00:11 . Memory (MB): peak = 2945.109 ; gain = 126.090 ; free physical = 46641 ; free virtual = 56088

Phase 9 Depositing Routes
Phase 9 Depositing Routes | Checksum: 299b555b3

Time (s): cpu = 00:00:13 ; elapsed = 00:00:11 . Memory (MB): peak = 2945.109 ; gain = 126.090 ; free physical = 46641 ; free virtual = 56088
INFO: [Route 35-16] Router Completed Successfully

Phase 10 Post-Route Event Processing
Phase 10 Post-Route Event Processing | Checksum: 1626667c3

Time (s): cpu = 00:00:13 ; elapsed = 00:00:11 . Memory (MB): peak = 2945.109 ; gain = 126.090 ; free physical = 46641 ; free virtual = 56088
Ending Routing Task | Checksum: 1626667c3

Time (s): cpu = 00:00:13 ; elapsed = 00:00:11 . Memory (MB): peak = 2945.109 ; gain = 126.090 ; free physical = 46641 ; free virtual = 56088

Routing Is Done.
INFO: [Common 17-83] Releasing license: Implementation
60 Infos, 1 Warnings, 0 Critical Warnings and 0 Errors encountered.
route_design completed successfully
route_design: Time (s): cpu = 00:00:14 ; elapsed = 00:00:11 . Memory (MB): peak = 2945.109 ; gain = 126.090 ; free physical = 46641 ; free virtual = 56088
INFO: [runtcl-4] Executing : report_drc -file Top_drc_routed.rpt -pb Top_drc_routed.pb -rpx Top_drc_routed.rpx
Command: report_drc -file Top_drc_routed.rpt -pb Top_drc_routed.pb -rpx Top_drc_routed.rpx
INFO: [IP_Flow 19-1839] IP Catalog is up to date.
INFO: [DRC 23-27] Running DRC with 8 threads
INFO: [Vivado_Tcl 2-168] The results of DRC are in file /home/krithikh/NUS Modules/CS2100DE/Labs/Lab3/Lab3.runs/impl_1/Top_drc_routed.rpt.
report_drc completed successfully
INFO: [runtcl-4] Executing : report_methodology -file Top_methodology_drc_routed.rpt -pb Top_methodology_drc_routed.pb -rpx Top_methodology_drc_routed.rpx
Command: report_methodology -file Top_methodology_drc_routed.rpt -pb Top_methodology_drc_routed.pb -rpx Top_methodology_drc_routed.rpx
INFO: [Timing 38-35] Done setting XDC timing constraints.
INFO: [DRC 23-133] Running Methodology with 8 threads
INFO: [Vivado_Tcl 2-1520] The results of Report Methodology are in file /home/krithikh/NUS Modules/CS2100DE/Labs/Lab3/Lab3.runs/impl_1/Top_methodology_drc_routed.rpt.
report_methodology completed successfully
INFO: [runtcl-4] Executing : report_power -file Top_power_routed.rpt -pb Top_power_summary_routed.pb -rpx Top_power_routed.rpx
Command: report_power -file Top_power_routed.rpt -pb Top_power_summary_routed.pb -rpx Top_power_routed.rpx
INFO: [Timing 38-35] Done setting XDC timing constraints.
WARNING: [Power 33-232] No user defined clocks were found in the design! Power estimation will be inaccurate until this is corrected.
Resolution: Please specify clocks using create_clock/create_generated_clock for sequential elements. For pure combinatorial circuits, please specify a virtual clock, otherwise the vectorless estimation might be inaccurate
Running Vector-less Activity Propagation...

Finished Running Vector-less Activity Propagation
70 Infos, 2 Warnings, 0 Critical Warnings and 0 Errors encountered.
report_power completed successfully
INFO: [runtcl-4] Executing : report_route_status -file Top_route_status.rpt -pb Top_route_status.pb
INFO: [runtcl-4] Executing : report_timing_summary -max_paths 10 -report_unconstrained -file Top_timing_summary_routed.rpt -pb Top_timing_summary_routed.pb -rpx Top_timing_summary_routed.rpx -warn_on_violation 
INFO: [Timing 38-91] UpdateTimingParams: Speed grade: -1, Delay Type: min_max.
INFO: [Timing 38-191] Multithreading enabled for timing update using a maximum of 8 CPUs
WARNING: [Timing 38-313] There are no user specified timing constraints. Timing constraints are needed for proper timing analysis.
INFO: [runtcl-4] Executing : report_incremental_reuse -file Top_incremental_reuse_routed.rpt
INFO: [Vivado_Tcl 4-1062] Incremental flow is disabled. No incremental reuse Info to report.
INFO: [runtcl-4] Executing : report_clock_utilization -file Top_clock_utilization_routed.rpt
INFO: [runtcl-4] Executing : report_bus_skew -warn_on_violation -file Top_bus_skew_routed.rpt -pb Top_bus_skew_routed.pb -rpx Top_bus_skew_routed.rpx
INFO: [Timing 38-91] UpdateTimingParams: Speed grade: -1, Delay Type: min_max.
INFO: [Timing 38-191] Multithreading enabled for timing update using a maximum of 8 CPUs
INFO: [Timing 38-480] Writing timing data to binary archive.
Write ShapeDB Complete: Time (s): cpu = 00:00:00 ; elapsed = 00:00:00 . Memory (MB): peak = 3039.090 ; gain = 0.000 ; free physical = 46523 ; free virtual = 55970
Wrote PlaceDB: Time (s): cpu = 00:00:00.01 ; elapsed = 00:00:00 . Memory (MB): peak = 3039.090 ; gain = 0.000 ; free physical = 46523 ; free virtual = 55970
Wrote PulsedLatchDB: Time (s): cpu = 00:00:00 ; elapsed = 00:00:00 . Memory (MB): peak = 3039.090 ; gain = 0.000 ; free physical = 46523 ; free virtual = 55970
Writing XDEF routing.
Writing XDEF routing logical nets.
Writing XDEF routing special nets.
Wrote RouteStorage: Time (s): cpu = 00:00:00.02 ; elapsed = 00:00:00.01 . Memory (MB): peak = 3039.090 ; gain = 0.000 ; free physical = 46523 ; free virtual = 55970
Wrote Netlist Cache: Time (s): cpu = 00:00:00 ; elapsed = 00:00:00 . Memory (MB): peak = 3039.090 ; gain = 0.000 ; free physical = 46523 ; free virtual = 55970
Wrote Device Cache: Time (s): cpu = 00:00:00 ; elapsed = 00:00:00 . Memory (MB): peak = 3039.090 ; gain = 0.000 ; free physical = 46523 ; free virtual = 55970
Write Physdb Complete: Time (s): cpu = 00:00:00.04 ; elapsed = 00:00:00.01 . Memory (MB): peak = 3039.090 ; gain = 0.000 ; free physical = 46523 ; free virtual = 55970
INFO: [Common 17-1381] The checkpoint '/home/krithikh/NUS Modules/CS2100DE/Labs/Lab3/Lab3.runs/impl_1/Top_routed.dcp' has been generated.
Command: write_bitstream -force Top.bit
Attempting to get a license for feature 'Implementation' and/or device 'xc7a100t'
INFO: [Common 17-349] Got license for feature 'Implementation' and/or device 'xc7a100t'
Running DRC as a precondition to command write_bitstream
INFO: [IP_Flow 19-1839] IP Catalog is up to date.
INFO: [DRC 23-27] Running DRC with 8 threads
WARNING: [DRC CFGBVS-1] Missing CFGBVS and CONFIG_VOLTAGE Design Properties: Neither the CFGBVS nor CONFIG_VOLTAGE voltage property is set in the current_design.  Configuration bank voltage select (CFGBVS) must be set to VCCO or GND, and CONFIG_VOLTAGE must be set to the correct configuration voltage, in order to determine the I/O voltage support for the pins in bank 0.  It is suggested to specify these either using the 'Edit Device Properties' function in the GUI or directly in the XDC file using the following syntax:

 set_property CFGBVS value1 [current_design]
 #where value1 is either VCCO or GND

 set_property CONFIG_VOLTAGE value2 [current_design]
 #where value2 is the voltage provided to configuration bank 0

Refer to the device configuration user guide for more information.
INFO: [Vivado 12-3199] DRC finished with 0 Errors, 1 Warnings
INFO: [Vivado 12-3200] Please refer to the DRC report (report_drc) for more information.
INFO: [Designutils 20-2272] Running write_bitstream with 8 threads.
Loading data files...
Loading site data...
Loading route data...
Processing options...
Creating bitmap...
Creating bitstream...
Writing bitstream ./Top.bit...
INFO: [Vivado 12-1842] Bitgen Completed Successfully.
INFO: [Project 1-1876] WebTalk data collection is mandatory when using a ULT device. To see the specific WebTalk data collected for your design, open the usage_statistics_webtalk.html or usage_statistics_webtalk.xml file in the implementation directory.
INFO: [Common 17-83] Releasing license: Implementation
14 Infos, 1 Warnings, 0 Critical Warnings and 0 Errors encountered.
write_bitstream completed successfully
write_bitstream: Time (s): cpu = 00:00:05 ; elapsed = 00:00:07 . Memory (MB): peak = 3296.266 ; gain = 257.176 ; free physical = 46291 ; free virtual = 55742
INFO: [Common 17-206] Exiting Vivado at Fri Feb  6 12:29:46 2026...
