Copyright 1986-2022 Xilinx, Inc. All Rights Reserved. Copyright 2022-2023 Advanced Micro Devices, Inc. All Rights Reserved.
------------------------------------------------------------------------------------------------------------------------------------------------------------------------------------------------------
| Tool Version : Vivado v.2023.2 (lin64) Build 4029153 Fri Oct 13 20:13:54 MDT 2023
| Date         : Fri Feb  6 12:29:39 2026
| Host         : krithikh-ThinkPad-P1-Gen-7 running 64-bit Ubuntu 22.04.5 LTS
| Command      : report_timing_summary -max_paths 10 -report_unconstrained -file Top_timing_summary_routed.rpt -pb Top_timing_summary_routed.pb -rpx Top_timing_summary_routed.rpx -warn_on_violation
| Design       : Top
| Device       : 7a100t-csg324
| Speed File   : -1  PRODUCTION 1.23 2018-06-13
| Design State : Routed
------------------------------------------------------------------------------------------------------------------------------------------------------------------------------------------------------

Timing Summary Report

------------------------------------------------------------------------------------------------
| Timer Settings
| --------------
------------------------------------------------------------------------------------------------

  Enable Multi Corner Analysis               :  Yes
  Enable Pessimism Removal                   :  Yes
  Pessimism Removal Resolution               :  Nearest Common Node
  Enable Input Delay Default Clock           :  No
  Enable Preset / Clear Arcs                 :  No
  Disable Flight Delays                      :  No
  Ignore I/O Paths                           :  No
  Timing Early Launch at Borrowing Latches   :  No
  Borrow Time for Max Delay Exceptions       :  Yes
  Merge Timing Exceptions                    :  Yes
  Inter-SLR Compensation                     :  Conservative

  Corner  Analyze    Analyze    
  Name    Max Paths  Min Paths  
  ------  ---------  ---------  
  Slow    Yes        Yes        
  Fast    Yes        Yes        


------------------------------------------------------------------------------------------------
| Report Methodology
| ------------------
------------------------------------------------------------------------------------------------

No report available as report_methodology has not been run prior. Run report_methodology on the current design for the summary of methodology violations.



check_timing report

Table of Contents
-----------------
1. checking no_clock (0)
2. checking constant_clock (0)
3. checking pulse_width_clock (0)
4. checking unconstrained_internal_endpoints (0)
5. checking no_input_delay (0)
6. checking no_output_delay (0)
7. checking multiple_clock (0)
8. checking generated_clocks (0)
9. checking loops (0)
10. checking partial_input_delay (0)
11. checking partial_output_delay (0)
12. checking latch_loops (0)

1. checking no_clock (0)
------------------------
 There are 0 register/latch pins with no clock.


2. checking constant_clock (0)
------------------------------
 There are 0 register/latch pins with constant_clock.


3. checking pulse_width_clock (0)
---------------------------------
 There are 0 register/latch pins which need pulse_width check


4. checking unconstrained_internal_endpoints (0)
------------------------------------------------
 There are 0 pins that are not constrained for maximum delay.

 There are 0 pins that are not constrained for maximum delay due to constant clock.


5. checking no_input_delay (0)
------------------------------
 There are 0 input ports with no input delay specified.

 There are 0 input ports with no input delay but user has a false path constraint.


6. checking no_output_delay (0)
-------------------------------
 There are 0 ports with no output delay specified.

 There are 0 ports with no output delay but user has a false path constraint

 There are 0 ports with no output delay but with a timing clock defined on it or propagating through it


7. checking multiple_clock (0)
------------------------------
 There are 0 register/latch pins with multiple clocks.


8. checking generated_clocks (0)
--------------------------------
 There are 0 generated clocks that are not connected to a clock source.


9. checking loops (0)
---------------------
 There are 0 combinational loops in the design.


10. checking partial_input_delay (0)
------------------------------------
 There are 0 input ports with partial input delay specified.


11. checking partial_output_delay (0)
-------------------------------------
 There are 0 ports with partial output delay specified.


12. checking latch_loops (0)
----------------------------
 There are 0 combinational latch loops in the design through latch input



------------------------------------------------------------------------------------------------
| Design Timing Summary
| ---------------------
------------------------------------------------------------------------------------------------

    WNS(ns)      TNS(ns)  TNS Failing Endpoints  TNS Total Endpoints      WHS(ns)      THS(ns)  THS Failing Endpoints  THS Total Endpoints     WPWS(ns)     TPWS(ns)  TPWS Failing Endpoints  TPWS Total Endpoints  
    -------      -------  ---------------------  -------------------      -------      -------  ---------------------  -------------------     --------     --------  ----------------------  --------------------  
        inf        0.000                      0                   15          inf        0.000                      0                   15           NA           NA                      NA                    NA  


There are no user specified timing constraints.


------------------------------------------------------------------------------------------------
| Clock Summary
| -------------
------------------------------------------------------------------------------------------------


------------------------------------------------------------------------------------------------
| Intra Clock Table
| -----------------
------------------------------------------------------------------------------------------------

Clock             WNS(ns)      TNS(ns)  TNS Failing Endpoints  TNS Total Endpoints      WHS(ns)      THS(ns)  THS Failing Endpoints  THS Total Endpoints     WPWS(ns)     TPWS(ns)  TPWS Failing Endpoints  TPWS Total Endpoints  
-----             -------      -------  ---------------------  -------------------      -------      -------  ---------------------  -------------------     --------     --------  ----------------------  --------------------  


------------------------------------------------------------------------------------------------
| Inter Clock Table
| -----------------
------------------------------------------------------------------------------------------------

From Clock    To Clock          WNS(ns)      TNS(ns)  TNS Failing Endpoints  TNS Total Endpoints      WHS(ns)      THS(ns)  THS Failing Endpoints  THS Total Endpoints  
----------    --------          -------      -------  ---------------------  -------------------      -------      -------  ---------------------  -------------------  


------------------------------------------------------------------------------------------------
| Other Path Groups Table
| -----------------------
------------------------------------------------------------------------------------------------

Path Group    From Clock    To Clock          WNS(ns)      TNS(ns)  TNS Failing Endpoints  TNS Total Endpoints      WHS(ns)      THS(ns)  THS Failing Endpoints  THS Total Endpoints  
----------    ----------    --------          -------      -------  ---------------------  -------------------      -------      -------  ---------------------  -------------------  


------------------------------------------------------------------------------------------------
| User Ignored Path Table
| -----------------------
------------------------------------------------------------------------------------------------

Path Group    From Clock    To Clock    
----------    ----------    --------    


------------------------------------------------------------------------------------------------
| Unconstrained Path Table
| ------------------------
------------------------------------------------------------------------------------------------

Path Group    From Clock    To Clock    
----------    ----------    --------    
(none)                                    


------------------------------------------------------------------------------------------------
| Timing Details
| --------------
------------------------------------------------------------------------------------------------


--------------------------------------------------------------------------------------
Path Group:  (none)
From Clock:  
  To Clock:  

Max Delay            15 Endpoints
Min Delay            15 Endpoints
--------------------------------------------------------------------------------------


Max Delay Paths
--------------------------------------------------------------------------------------
Slack:                    inf
  Source:                 sw[6]
                            (input port)
  Destination:            an[4]
                            (output port)
  Path Group:             (none)
  Path Type:              Max at Slow Process Corner
  Data Path Delay:        9.731ns  (logic 5.405ns (55.545%)  route 4.326ns (44.455%))
  Logic Levels:           3  (IBUF=1 LUT3=1 OBUF=1)

    Location             Delay type                Incr(ns)  Path(ns)    Netlist Resource(s)
  -------------------------------------------------------------------    -------------------
    V6                                                0.000     0.000 f  sw[6] (IN)
                         net (fo=0)                   0.000     0.000    sw[6]
    V6                   IBUF (Prop_ibuf_I_O)         1.504     1.504 f  sw_IBUF[6]_inst/O
                         net (fo=8, routed)           1.795     3.299    seven_seg_decoder/sw_IBUF[6]
    SLICE_X89Y67         LUT3 (Prop_lut3_I0_O)        0.154     3.453 r  seven_seg_decoder/an_OBUF[4]_inst_i_1/O
                         net (fo=1, routed)           2.531     5.984    an_OBUF[4]
    N2                   OBUF (Prop_obuf_I_O)         3.747     9.731 r  an_OBUF[4]_inst/O
                         net (fo=0)                   0.000     9.731    an[4]
    N2                                                                r  an[4] (OUT)
  -------------------------------------------------------------------    -------------------

Slack:                    inf
  Source:                 sw[6]
                            (input port)
  Destination:            an[7]
                            (output port)
  Path Group:             (none)
  Path Type:              Max at Slow Process Corner
  Data Path Delay:        9.729ns  (logic 5.394ns (55.445%)  route 4.335ns (44.555%))
  Logic Levels:           3  (IBUF=1 LUT3=1 OBUF=1)

    Location             Delay type                Incr(ns)  Path(ns)    Netlist Resource(s)
  -------------------------------------------------------------------    -------------------
    V6                                                0.000     0.000 f  sw[6] (IN)
                         net (fo=0)                   0.000     0.000    sw[6]
    V6                   IBUF (Prop_ibuf_I_O)         1.504     1.504 f  sw_IBUF[6]_inst/O
                         net (fo=8, routed)           1.797     3.301    seven_seg_decoder/sw_IBUF[6]
    SLICE_X89Y67         LUT3 (Prop_lut3_I2_O)        0.150     3.451 r  seven_seg_decoder/an_OBUF[7]_inst_i_1/O
                         net (fo=1, routed)           2.538     5.989    an_OBUF[7]
    M1                   OBUF (Prop_obuf_I_O)         3.740     9.729 r  an_OBUF[7]_inst/O
                         net (fo=0)                   0.000     9.729    an[7]
    M1                                                                r  an[7] (OUT)
  -------------------------------------------------------------------    -------------------

Slack:                    inf
  Source:                 sw[5]
                            (input port)
  Destination:            an[2]
                            (output port)
  Path Group:             (none)
  Path Type:              Max at Slow Process Corner
  Data Path Delay:        9.638ns  (logic 5.397ns (55.998%)  route 4.241ns (44.002%))
  Logic Levels:           3  (IBUF=1 LUT3=1 OBUF=1)

    Location             Delay type                Incr(ns)  Path(ns)    Netlist Resource(s)
  -------------------------------------------------------------------    -------------------
    V7                                                0.000     0.000 f  sw[5] (IN)
                         net (fo=0)                   0.000     0.000    sw[5]
    V7                   IBUF (Prop_ibuf_I_O)         1.510     1.510 f  sw_IBUF[5]_inst/O
                         net (fo=8, routed)           1.603     3.114    seven_seg_decoder/sw_IBUF[5]
    SLICE_X89Y67         LUT3 (Prop_lut3_I0_O)        0.152     3.266 r  seven_seg_decoder/an_OBUF[2]_inst_i_1/O
                         net (fo=1, routed)           2.638     5.903    an_OBUF[2]
    M3                   OBUF (Prop_obuf_I_O)         3.735     9.638 r  an_OBUF[2]_inst/O
                         net (fo=0)                   0.000     9.638    an[2]
    M3                                                                r  an[2] (OUT)
  -------------------------------------------------------------------    -------------------

Slack:                    inf
  Source:                 sw[1]
                            (input port)
  Destination:            seg[5]
                            (output port)
  Path Group:             (none)
  Path Type:              Max at Slow Process Corner
  Data Path Delay:        9.617ns  (logic 5.371ns (55.848%)  route 4.246ns (44.152%))
  Logic Levels:           3  (IBUF=1 LUT4=1 OBUF=1)

    Location             Delay type                Incr(ns)  Path(ns)    Netlist Resource(s)
  -------------------------------------------------------------------    -------------------
    U8                                                0.000     0.000 r  sw[1] (IN)
                         net (fo=0)                   0.000     0.000    sw[1]
    U8                   IBUF (Prop_ibuf_I_O)         1.482     1.482 r  sw_IBUF[1]_inst/O
                         net (fo=7, routed)           2.381     3.863    seven_seg_decoder/sw_IBUF[1]
    SLICE_X89Y87         LUT4 (Prop_lut4_I3_O)        0.154     4.017 r  seven_seg_decoder/seg_OBUF[5]_inst_i_1/O
                         net (fo=1, routed)           1.864     5.882    seg_OBUF[5]
    M2                   OBUF (Prop_obuf_I_O)         3.735     9.617 r  seg_OBUF[5]_inst/O
                         net (fo=0)                   0.000     9.617    seg[5]
    M2                                                                r  seg[5] (OUT)
  -------------------------------------------------------------------    -------------------

Slack:                    inf
  Source:                 sw[6]
                            (input port)
  Destination:            an[6]
                            (output port)
  Path Group:             (none)
  Path Type:              Max at Slow Process Corner
  Data Path Delay:        9.541ns  (logic 5.168ns (54.166%)  route 4.373ns (45.834%))
  Logic Levels:           3  (IBUF=1 LUT3=1 OBUF=1)

    Location             Delay type                Incr(ns)  Path(ns)    Netlist Resource(s)
  -------------------------------------------------------------------    -------------------
    V6                                                0.000     0.000 f  sw[6] (IN)
                         net (fo=0)                   0.000     0.000    sw[6]
    V6                   IBUF (Prop_ibuf_I_O)         1.504     1.504 f  sw_IBUF[6]_inst/O
                         net (fo=8, routed)           1.797     3.301    seven_seg_decoder/sw_IBUF[6]
    SLICE_X89Y67         LUT3 (Prop_lut3_I1_O)        0.124     3.425 r  seven_seg_decoder/an_OBUF[6]_inst_i_1/O
                         net (fo=1, routed)           2.576     6.001    an_OBUF[6]
    L1                   OBUF (Prop_obuf_I_O)         3.540     9.541 r  an_OBUF[6]_inst/O
                         net (fo=0)                   0.000     9.541    an[6]
    L1                                                                r  an[6] (OUT)
  -------------------------------------------------------------------    -------------------

Slack:                    inf
  Source:                 sw[1]
                            (input port)
  Destination:            seg[4]
                            (output port)
  Path Group:             (none)
  Path Type:              Max at Slow Process Corner
  Data Path Delay:        9.515ns  (logic 5.129ns (53.902%)  route 4.386ns (46.098%))
  Logic Levels:           3  (IBUF=1 LUT4=1 OBUF=1)

    Location             Delay type                Incr(ns)  Path(ns)    Netlist Resource(s)
  -------------------------------------------------------------------    -------------------
    U8                                                0.000     0.000 f  sw[1] (IN)
                         net (fo=0)                   0.000     0.000    sw[1]
    U8                   IBUF (Prop_ibuf_I_O)         1.482     1.482 f  sw_IBUF[1]_inst/O
                         net (fo=7, routed)           2.381     3.863    seven_seg_decoder/sw_IBUF[1]
    SLICE_X89Y87         LUT4 (Prop_lut4_I1_O)        0.124     3.987 r  seven_seg_decoder/seg_OBUF[4]_inst_i_1/O
                         net (fo=1, routed)           2.005     5.992    seg_OBUF[4]
    K3                   OBUF (Prop_obuf_I_O)         3.523     9.515 r  seg_OBUF[4]_inst/O
                         net (fo=0)                   0.000     9.515    seg[4]
    K3                                                                r  seg[4] (OUT)
  -------------------------------------------------------------------    -------------------

Slack:                    inf
  Source:                 sw[1]
                            (input port)
  Destination:            seg[0]
                            (output port)
  Path Group:             (none)
  Path Type:              Max at Slow Process Corner
  Data Path Delay:        9.416ns  (logic 5.356ns (56.881%)  route 4.060ns (43.119%))
  Logic Levels:           3  (IBUF=1 LUT4=1 OBUF=1)

    Location             Delay type                Incr(ns)  Path(ns)    Netlist Resource(s)
  -------------------------------------------------------------------    -------------------
    U8                                                0.000     0.000 r  sw[1] (IN)
                         net (fo=0)                   0.000     0.000    sw[1]
    U8                   IBUF (Prop_ibuf_I_O)         1.482     1.482 r  sw_IBUF[1]_inst/O
                         net (fo=7, routed)           2.148     3.630    seven_seg_decoder/sw_IBUF[1]
    SLICE_X89Y87         LUT4 (Prop_lut4_I3_O)        0.150     3.780 r  seven_seg_decoder/seg_OBUF[0]_inst_i_1/O
                         net (fo=1, routed)           1.912     5.692    seg_OBUF[0]
    L3                   OBUF (Prop_obuf_I_O)         3.724     9.416 r  seg_OBUF[0]_inst/O
                         net (fo=0)                   0.000     9.416    seg[0]
    L3                                                                r  seg[0] (OUT)
  -------------------------------------------------------------------    -------------------

Slack:                    inf
  Source:                 sw[1]
                            (input port)
  Destination:            seg[3]
                            (output port)
  Path Group:             (none)
  Path Type:              Max at Slow Process Corner
  Data Path Delay:        9.316ns  (logic 5.364ns (57.576%)  route 3.952ns (42.424%))
  Logic Levels:           3  (IBUF=1 LUT4=1 OBUF=1)

    Location             Delay type                Incr(ns)  Path(ns)    Netlist Resource(s)
  -------------------------------------------------------------------    -------------------
    U8                                                0.000     0.000 r  sw[1] (IN)
                         net (fo=0)                   0.000     0.000    sw[1]
    U8                   IBUF (Prop_ibuf_I_O)         1.482     1.482 r  sw_IBUF[1]_inst/O
                         net (fo=7, routed)           2.146     3.628    seven_seg_decoder/sw_IBUF[1]
    SLICE_X89Y87         LUT4 (Prop_lut4_I3_O)        0.150     3.778 r  seven_seg_decoder/seg_OBUF[3]_inst_i_1/O
                         net (fo=1, routed)           1.806     5.584    seg_OBUF[3]
    L4                   OBUF (Prop_obuf_I_O)         3.732     9.316 r  seg_OBUF[3]_inst/O
                         net (fo=0)                   0.000     9.316    seg[3]
    L4                                                                r  seg[3] (OUT)
  -------------------------------------------------------------------    -------------------

Slack:                    inf
  Source:                 sw[1]
                            (input port)
  Destination:            seg[6]
                            (output port)
  Path Group:             (none)
  Path Type:              Max at Slow Process Corner
  Data Path Delay:        9.199ns  (logic 5.129ns (55.756%)  route 4.070ns (44.244%))
  Logic Levels:           3  (IBUF=1 LUT4=1 OBUF=1)

    Location             Delay type                Incr(ns)  Path(ns)    Netlist Resource(s)
  -------------------------------------------------------------------    -------------------
    U8                                                0.000     0.000 r  sw[1] (IN)
                         net (fo=0)                   0.000     0.000    sw[1]
    U8                   IBUF (Prop_ibuf_I_O)         1.482     1.482 r  sw_IBUF[1]_inst/O
                         net (fo=7, routed)           2.386     3.868    seven_seg_decoder/sw_IBUF[1]
    SLICE_X89Y87         LUT4 (Prop_lut4_I3_O)        0.124     3.992 r  seven_seg_decoder/seg_OBUF[6]_inst_i_1/O
                         net (fo=1, routed)           1.684     5.676    seg_OBUF[6]
    L6                   OBUF (Prop_obuf_I_O)         3.523     9.199 r  seg_OBUF[6]_inst/O
                         net (fo=0)                   0.000     9.199    seg[6]
    L6                                                                r  seg[6] (OUT)
  -------------------------------------------------------------------    -------------------

Slack:                    inf
  Source:                 sw[1]
                            (input port)
  Destination:            seg[1]
                            (output port)
  Path Group:             (none)
  Path Type:              Max at Slow Process Corner
  Data Path Delay:        9.147ns  (logic 5.139ns (56.180%)  route 4.008ns (43.820%))
  Logic Levels:           3  (IBUF=1 LUT4=1 OBUF=1)

    Location             Delay type                Incr(ns)  Path(ns)    Netlist Resource(s)
  -------------------------------------------------------------------    -------------------
    U8                                                0.000     0.000 r  sw[1] (IN)
                         net (fo=0)                   0.000     0.000    sw[1]
    U8                   IBUF (Prop_ibuf_I_O)         1.482     1.482 r  sw_IBUF[1]_inst/O
                         net (fo=7, routed)           2.148     3.630    seven_seg_decoder/sw_IBUF[1]
    SLICE_X89Y87         LUT4 (Prop_lut4_I2_O)        0.124     3.754 r  seven_seg_decoder/seg_OBUF[1]_inst_i_1/O
                         net (fo=1, routed)           1.860     5.614    seg_OBUF[1]
    N1                   OBUF (Prop_obuf_I_O)         3.533     9.147 r  seg_OBUF[1]_inst/O
                         net (fo=0)                   0.000     9.147    seg[1]
    N1                                                                r  seg[1] (OUT)
  -------------------------------------------------------------------    -------------------





Min Delay Paths
--------------------------------------------------------------------------------------
Slack:                    inf
  Source:                 sw[4]
                            (input port)
  Destination:            an[5]
                            (output port)
  Path Group:             (none)
  Path Type:              Min at Fast Process Corner
  Data Path Delay:        2.345ns  (logic 1.519ns (64.773%)  route 0.826ns (35.227%))
  Logic Levels:           3  (IBUF=1 LUT3=1 OBUF=1)

    Location             Delay type                Incr(ns)  Path(ns)    Netlist Resource(s)
  -------------------------------------------------------------------    -------------------
    R5                                                0.000     0.000 f  sw[4] (IN)
                         net (fo=0)                   0.000     0.000    sw[4]
    R5                   IBUF (Prop_ibuf_I_O)         0.254     0.254 f  sw_IBUF[4]_inst/O
                         net (fo=8, routed)           0.494     0.748    sw_IBUF[4]
    SLICE_X89Y67         LUT3 (Prop_lut3_I1_O)        0.045     0.793 r  an_OBUF[5]_inst_i_1/O
                         net (fo=1, routed)           0.331     1.124    an_OBUF[5]
    N4                   OBUF (Prop_obuf_I_O)         1.220     2.345 r  an_OBUF[5]_inst/O
                         net (fo=0)                   0.000     2.345    an[5]
    N4                                                                r  an[5] (OUT)
  -------------------------------------------------------------------    -------------------

Slack:                    inf
  Source:                 sw[4]
                            (input port)
  Destination:            an[1]
                            (output port)
  Path Group:             (none)
  Path Type:              Min at Fast Process Corner
  Data Path Delay:        2.385ns  (logic 1.530ns (64.160%)  route 0.855ns (35.840%))
  Logic Levels:           3  (IBUF=1 LUT3=1 OBUF=1)

    Location             Delay type                Incr(ns)  Path(ns)    Netlist Resource(s)
  -------------------------------------------------------------------    -------------------
    R5                                                0.000     0.000 f  sw[4] (IN)
                         net (fo=0)                   0.000     0.000    sw[4]
    R5                   IBUF (Prop_ibuf_I_O)         0.254     0.254 f  sw_IBUF[4]_inst/O
                         net (fo=8, routed)           0.496     0.750    seven_seg_decoder/sw_IBUF[4]
    SLICE_X89Y67         LUT3 (Prop_lut3_I0_O)        0.045     0.795 r  seven_seg_decoder/an_OBUF[1]_inst_i_1/O
                         net (fo=1, routed)           0.358     1.153    an_OBUF[1]
    M6                   OBUF (Prop_obuf_I_O)         1.232     2.385 r  an_OBUF[1]_inst/O
                         net (fo=0)                   0.000     2.385    an[1]
    M6                                                                r  an[1] (OUT)
  -------------------------------------------------------------------    -------------------

Slack:                    inf
  Source:                 sw[4]
                            (input port)
  Destination:            an[0]
                            (output port)
  Path Group:             (none)
  Path Type:              Min at Fast Process Corner
  Data Path Delay:        2.438ns  (logic 1.585ns (65.013%)  route 0.853ns (34.987%))
  Logic Levels:           3  (IBUF=1 LUT3=1 OBUF=1)

    Location             Delay type                Incr(ns)  Path(ns)    Netlist Resource(s)
  -------------------------------------------------------------------    -------------------
    R5                                                0.000     0.000 r  sw[4] (IN)
                         net (fo=0)                   0.000     0.000    sw[4]
    R5                   IBUF (Prop_ibuf_I_O)         0.254     0.254 r  sw_IBUF[4]_inst/O
                         net (fo=8, routed)           0.494     0.748    sw_IBUF[4]
    SLICE_X89Y67         LUT3 (Prop_lut3_I1_O)        0.042     0.790 r  an_OBUF[0]_inst_i_1/O
                         net (fo=1, routed)           0.358     1.148    an_OBUF[0]
    N6                   OBUF (Prop_obuf_I_O)         1.289     2.438 r  an_OBUF[0]_inst/O
                         net (fo=0)                   0.000     2.438    an[0]
    N6                                                                r  an[0] (OUT)
  -------------------------------------------------------------------    -------------------

Slack:                    inf
  Source:                 sw[4]
                            (input port)
  Destination:            an[3]
                            (output port)
  Path Group:             (none)
  Path Type:              Min at Fast Process Corner
  Data Path Delay:        2.477ns  (logic 1.531ns (61.813%)  route 0.946ns (38.187%))
  Logic Levels:           3  (IBUF=1 LUT3=1 OBUF=1)

    Location             Delay type                Incr(ns)  Path(ns)    Netlist Resource(s)
  -------------------------------------------------------------------    -------------------
    R5                                                0.000     0.000 f  sw[4] (IN)
                         net (fo=0)                   0.000     0.000    sw[4]
    R5                   IBUF (Prop_ibuf_I_O)         0.254     0.254 f  sw_IBUF[4]_inst/O
                         net (fo=8, routed)           0.537     0.790    seven_seg_decoder/sw_IBUF[4]
    SLICE_X89Y67         LUT3 (Prop_lut3_I1_O)        0.045     0.835 r  seven_seg_decoder/an_OBUF[3]_inst_i_1/O
                         net (fo=1, routed)           0.409     1.244    an_OBUF[3]
    N5                   OBUF (Prop_obuf_I_O)         1.232     2.477 r  an_OBUF[3]_inst/O
                         net (fo=0)                   0.000     2.477    an[3]
    N5                                                                r  an[3] (OUT)
  -------------------------------------------------------------------    -------------------

Slack:                    inf
  Source:                 sw[3]
                            (input port)
  Destination:            seg[6]
                            (output port)
  Path Group:             (none)
  Path Type:              Min at Fast Process Corner
  Data Path Delay:        2.574ns  (logic 1.532ns (59.497%)  route 1.043ns (40.503%))
  Logic Levels:           3  (IBUF=1 LUT4=1 OBUF=1)

    Location             Delay type                Incr(ns)  Path(ns)    Netlist Resource(s)
  -------------------------------------------------------------------    -------------------
    R6                                                0.000     0.000 r  sw[3] (IN)
                         net (fo=0)                   0.000     0.000    sw[3]
    R6                   IBUF (Prop_ibuf_I_O)         0.263     0.263 r  sw_IBUF[3]_inst/O
                         net (fo=7, routed)           0.692     0.955    seven_seg_decoder/sw_IBUF[3]
    SLICE_X89Y87         LUT4 (Prop_lut4_I0_O)        0.045     1.000 r  seven_seg_decoder/seg_OBUF[6]_inst_i_1/O
                         net (fo=1, routed)           0.351     1.351    seg_OBUF[6]
    L6                   OBUF (Prop_obuf_I_O)         1.224     2.574 r  seg_OBUF[6]_inst/O
                         net (fo=0)                   0.000     2.574    seg[6]
    L6                                                                r  seg[6] (OUT)
  -------------------------------------------------------------------    -------------------

Slack:                    inf
  Source:                 sw[3]
                            (input port)
  Destination:            seg[2]
                            (output port)
  Path Group:             (none)
  Path Type:              Min at Fast Process Corner
  Data Path Delay:        2.575ns  (logic 1.519ns (59.002%)  route 1.056ns (40.998%))
  Logic Levels:           3  (IBUF=1 LUT4=1 OBUF=1)

    Location             Delay type                Incr(ns)  Path(ns)    Netlist Resource(s)
  -------------------------------------------------------------------    -------------------
    R6                                                0.000     0.000 r  sw[3] (IN)
                         net (fo=0)                   0.000     0.000    sw[3]
    R6                   IBUF (Prop_ibuf_I_O)         0.263     0.263 r  sw_IBUF[3]_inst/O
                         net (fo=7, routed)           0.775     1.038    seven_seg_decoder/sw_IBUF[3]
    SLICE_X89Y87         LUT4 (Prop_lut4_I0_O)        0.045     1.083 r  seven_seg_decoder/seg_OBUF[2]_inst_i_1/O
                         net (fo=1, routed)           0.280     1.363    seg_OBUF[2]
    L5                   OBUF (Prop_obuf_I_O)         1.211     2.575 r  seg_OBUF[2]_inst/O
                         net (fo=0)                   0.000     2.575    seg[2]
    L5                                                                r  seg[2] (OUT)
  -------------------------------------------------------------------    -------------------

Slack:                    inf
  Source:                 sw[3]
                            (input port)
  Destination:            seg[4]
                            (output port)
  Path Group:             (none)
  Path Type:              Min at Fast Process Corner
  Data Path Delay:        2.703ns  (logic 1.532ns (56.671%)  route 1.171ns (43.329%))
  Logic Levels:           3  (IBUF=1 LUT4=1 OBUF=1)

    Location             Delay type                Incr(ns)  Path(ns)    Netlist Resource(s)
  -------------------------------------------------------------------    -------------------
    R6                                                0.000     0.000 f  sw[3] (IN)
                         net (fo=0)                   0.000     0.000    sw[3]
    R6                   IBUF (Prop_ibuf_I_O)         0.263     0.263 f  sw_IBUF[3]_inst/O
                         net (fo=7, routed)           0.691     0.954    seven_seg_decoder/sw_IBUF[3]
    SLICE_X89Y87         LUT4 (Prop_lut4_I0_O)        0.045     0.999 r  seven_seg_decoder/seg_OBUF[4]_inst_i_1/O
                         net (fo=1, routed)           0.480     1.479    seg_OBUF[4]
    K3                   OBUF (Prop_obuf_I_O)         1.224     2.703 r  seg_OBUF[4]_inst/O
                         net (fo=0)                   0.000     2.703    seg[4]
    K3                                                                r  seg[4] (OUT)
  -------------------------------------------------------------------    -------------------

Slack:                    inf
  Source:                 sw[4]
                            (input port)
  Destination:            an[6]
                            (output port)
  Path Group:             (none)
  Path Type:              Min at Fast Process Corner
  Data Path Delay:        2.711ns  (logic 1.539ns (56.783%)  route 1.172ns (43.217%))
  Logic Levels:           3  (IBUF=1 LUT3=1 OBUF=1)

    Location             Delay type                Incr(ns)  Path(ns)    Netlist Resource(s)
  -------------------------------------------------------------------    -------------------
    R5                                                0.000     0.000 r  sw[4] (IN)
                         net (fo=0)                   0.000     0.000    sw[4]
    R5                   IBUF (Prop_ibuf_I_O)         0.254     0.254 r  sw_IBUF[4]_inst/O
                         net (fo=8, routed)           0.483     0.736    seven_seg_decoder/sw_IBUF[4]
    SLICE_X89Y67         LUT3 (Prop_lut3_I0_O)        0.045     0.781 r  seven_seg_decoder/an_OBUF[6]_inst_i_1/O
                         net (fo=1, routed)           0.689     1.470    an_OBUF[6]
    L1                   OBUF (Prop_obuf_I_O)         1.241     2.711 r  an_OBUF[6]_inst/O
                         net (fo=0)                   0.000     2.711    an[6]
    L1                                                                r  an[6] (OUT)
  -------------------------------------------------------------------    -------------------

Slack:                    inf
  Source:                 sw[3]
                            (input port)
  Destination:            seg[5]
                            (output port)
  Path Group:             (none)
  Path Type:              Min at Fast Process Corner
  Data Path Delay:        2.714ns  (logic 1.605ns (59.150%)  route 1.109ns (40.850%))
  Logic Levels:           3  (IBUF=1 LUT4=1 OBUF=1)

    Location             Delay type                Incr(ns)  Path(ns)    Netlist Resource(s)
  -------------------------------------------------------------------    -------------------
    R6                                                0.000     0.000 r  sw[3] (IN)
                         net (fo=0)                   0.000     0.000    sw[3]
    R6                   IBUF (Prop_ibuf_I_O)         0.263     0.263 r  sw_IBUF[3]_inst/O
                         net (fo=7, routed)           0.691     0.954    seven_seg_decoder/sw_IBUF[3]
    SLICE_X89Y87         LUT4 (Prop_lut4_I0_O)        0.045     0.999 r  seven_seg_decoder/seg_OBUF[5]_inst_i_1/O
                         net (fo=1, routed)           0.417     1.417    seg_OBUF[5]
    M2                   OBUF (Prop_obuf_I_O)         1.298     2.714 r  seg_OBUF[5]_inst/O
                         net (fo=0)                   0.000     2.714    seg[5]
    M2                                                                r  seg[5] (OUT)
  -------------------------------------------------------------------    -------------------

Slack:                    inf
  Source:                 sw[3]
                            (input port)
  Destination:            seg[1]
                            (output port)
  Path Group:             (none)
  Path Type:              Min at Fast Process Corner
  Data Path Delay:        2.732ns  (logic 1.542ns (56.434%)  route 1.190ns (43.566%))
  Logic Levels:           3  (IBUF=1 LUT4=1 OBUF=1)

    Location             Delay type                Incr(ns)  Path(ns)    Netlist Resource(s)
  -------------------------------------------------------------------    -------------------
    R6                                                0.000     0.000 r  sw[3] (IN)
                         net (fo=0)                   0.000     0.000    sw[3]
    R6                   IBUF (Prop_ibuf_I_O)         0.263     0.263 r  sw_IBUF[3]_inst/O
                         net (fo=7, routed)           0.776     1.039    seven_seg_decoder/sw_IBUF[3]
    SLICE_X89Y87         LUT4 (Prop_lut4_I0_O)        0.045     1.084 r  seven_seg_decoder/seg_OBUF[1]_inst_i_1/O
                         net (fo=1, routed)           0.414     1.498    seg_OBUF[1]
    N1                   OBUF (Prop_obuf_I_O)         1.234     2.732 r  seg_OBUF[1]_inst/O
                         net (fo=0)                   0.000     2.732    seg[1]
    N1                                                                r  seg[1] (OUT)
  -------------------------------------------------------------------    -------------------





