Copyright 1986-2022 Xilinx, Inc. All Rights Reserved. Copyright 2022-2023 Advanced Micro Devices, Inc. All Rights Reserved.
------------------------------------------------------------------------------------------------------------------------------------------------------------------------------------------------------------------
| Tool Version : Vivado v.2023.2 (lin64) Build 4029153 Fri Oct 13 20:13:54 MDT 2023
| Date         : Fri Mar 20 11:43:00 2026
| Host         : krithikh-ThinkPad-P1-Gen-7 running 64-bit Ubuntu 22.04.5 LTS
| Command      : report_timing_summary -max_paths 10 -report_unconstrained -file Top_MMC_timing_summary_routed.rpt -pb Top_MMC_timing_summary_routed.pb -rpx Top_MMC_timing_summary_routed.rpx -warn_on_violation
| Design       : Top_MMC
| Device       : 7a100t-csg324
| Speed File   : -1  PRODUCTION 1.23 2018-06-13
| Design State : Routed
------------------------------------------------------------------------------------------------------------------------------------------------------------------------------------------------------------------

Timing Summary Report

------------------------------------------------------------------------------------------------
| Timer Settings
| --------------
------------------------------------------------------------------------------------------------

  Enable Multi Corner Analysis               :  Yes
  Enable Pessimism Removal                   :  Yes
  Pessimism Removal Resolution               :  Nearest Common Node
  Enable Input Delay Default Clock           :  No
  Enable Preset / Clear Arcs                 :  No
  Disable Flight Delays                      :  No
  Ignore I/O Paths                           :  No
  Timing Early Launch at Borrowing Latches   :  No
  Borrow Time for Max Delay Exceptions       :  Yes
  Merge Timing Exceptions                    :  Yes
  Inter-SLR Compensation                     :  Conservative

  Corner  Analyze    Analyze    
  Name    Max Paths  Min Paths  
  ------  ---------  ---------  
  Slow    Yes        Yes        
  Fast    Yes        Yes        


------------------------------------------------------------------------------------------------
| Report Methodology
| ------------------
------------------------------------------------------------------------------------------------

Rule       Severity          Description                  Violations  
---------  ----------------  ---------------------------  ----------  
TIMING-17  Critical Warning  Non-clocked sequential cell  24          

Note: This report is based on the most recent report_methodology run and may not be up-to-date. Run report_methodology on the current design for the latest report.



check_timing report

Table of Contents
-----------------
1. checking no_clock (24)
2. checking constant_clock (0)
3. checking pulse_width_clock (0)
4. checking unconstrained_internal_endpoints (29)
5. checking no_input_delay (0)
6. checking no_output_delay (8)
7. checking multiple_clock (0)
8. checking generated_clocks (0)
9. checking loops (0)
10. checking partial_input_delay (0)
11. checking partial_output_delay (0)
12. checking latch_loops (0)

1. checking no_clock (24)
-------------------------
 There are 24 register/latch pins with no clock driven by root clock pin: counter_reg[3]/Q (HIGH)


2. checking constant_clock (0)
------------------------------
 There are 0 register/latch pins with constant_clock.


3. checking pulse_width_clock (0)
---------------------------------
 There are 0 register/latch pins which need pulse_width check


4. checking unconstrained_internal_endpoints (29)
-------------------------------------------------
 There are 29 pins that are not constrained for maximum delay. (HIGH)

 There are 0 pins that are not constrained for maximum delay due to constant clock.


5. checking no_input_delay (0)
------------------------------
 There are 0 input ports with no input delay specified.

 There are 0 input ports with no input delay but user has a false path constraint.


6. checking no_output_delay (8)
-------------------------------
 There are 8 ports with no output delay specified. (HIGH)

 There are 0 ports with no output delay but user has a false path constraint

 There are 0 ports with no output delay but with a timing clock defined on it or propagating through it


7. checking multiple_clock (0)
------------------------------
 There are 0 register/latch pins with multiple clocks.


8. checking generated_clocks (0)
--------------------------------
 There are 0 generated clocks that are not connected to a clock source.


9. checking loops (0)
---------------------
 There are 0 combinational loops in the design.


10. checking partial_input_delay (0)
------------------------------------
 There are 0 input ports with partial input delay specified.


11. checking partial_output_delay (0)
-------------------------------------
 There are 0 ports with partial output delay specified.


12. checking latch_loops (0)
----------------------------
 There are 0 combinational latch loops in the design through latch input



------------------------------------------------------------------------------------------------
| Design Timing Summary
| ---------------------
------------------------------------------------------------------------------------------------

    WNS(ns)      TNS(ns)  TNS Failing Endpoints  TNS Total Endpoints      WHS(ns)      THS(ns)  THS Failing Endpoints  THS Total Endpoints     WPWS(ns)     TPWS(ns)  TPWS Failing Endpoints  TPWS Total Endpoints  
    -------      -------  ---------------------  -------------------      -------      -------  ---------------------  -------------------     --------     --------  ----------------------  --------------------  
      8.150        0.000                      0                    4        0.251        0.000                      0                    4        4.500        0.000                       0                     5  


All user specified timing constraints are met.


------------------------------------------------------------------------------------------------
| Clock Summary
| -------------
------------------------------------------------------------------------------------------------

Clock        Waveform(ns)       Period(ns)      Frequency(MHz)
-----        ------------       ----------      --------------
sys_clk_pin  {0.000 5.000}      10.000          100.000         


------------------------------------------------------------------------------------------------
| Intra Clock Table
| -----------------
------------------------------------------------------------------------------------------------

Clock             WNS(ns)      TNS(ns)  TNS Failing Endpoints  TNS Total Endpoints      WHS(ns)      THS(ns)  THS Failing Endpoints  THS Total Endpoints     WPWS(ns)     TPWS(ns)  TPWS Failing Endpoints  TPWS Total Endpoints  
-----             -------      -------  ---------------------  -------------------      -------      -------  ---------------------  -------------------     --------     --------  ----------------------  --------------------  
sys_clk_pin         8.150        0.000                      0                    4        0.251        0.000                      0                    4        4.500        0.000                       0                     5  


------------------------------------------------------------------------------------------------
| Inter Clock Table
| -----------------
------------------------------------------------------------------------------------------------

From Clock    To Clock          WNS(ns)      TNS(ns)  TNS Failing Endpoints  TNS Total Endpoints      WHS(ns)      THS(ns)  THS Failing Endpoints  THS Total Endpoints  
----------    --------          -------      -------  ---------------------  -------------------      -------      -------  ---------------------  -------------------  


------------------------------------------------------------------------------------------------
| Other Path Groups Table
| -----------------------
------------------------------------------------------------------------------------------------

Path Group    From Clock    To Clock          WNS(ns)      TNS(ns)  TNS Failing Endpoints  TNS Total Endpoints      WHS(ns)      THS(ns)  THS Failing Endpoints  THS Total Endpoints  
----------    ----------    --------          -------      -------  ---------------------  -------------------      -------      -------  ---------------------  -------------------  


------------------------------------------------------------------------------------------------
| User Ignored Path Table
| -----------------------
------------------------------------------------------------------------------------------------

Path Group    From Clock    To Clock    
----------    ----------    --------    


------------------------------------------------------------------------------------------------
| Unconstrained Path Table
| ------------------------
------------------------------------------------------------------------------------------------

Path Group    From Clock    To Clock    
----------    ----------    --------    
(none)                                    


------------------------------------------------------------------------------------------------
| Timing Details
| --------------
------------------------------------------------------------------------------------------------


---------------------------------------------------------------------------------------------------
From Clock:  sys_clk_pin
  To Clock:  sys_clk_pin

Setup :            0  Failing Endpoints,  Worst Slack        8.150ns,  Total Violation        0.000ns
Hold  :            0  Failing Endpoints,  Worst Slack        0.251ns,  Total Violation        0.000ns
PW    :            0  Failing Endpoints,  Worst Slack        4.500ns,  Total Violation        0.000ns
---------------------------------------------------------------------------------------------------


Max Delay Paths
--------------------------------------------------------------------------------------
Slack (MET) :             8.150ns  (required time - arrival time)
  Source:                 counter_reg[0]/C
                            (rising edge-triggered cell FDRE clocked by sys_clk_pin  {rise@0.000ns fall@5.000ns period=10.000ns})
  Destination:            counter_reg[0]/D
                            (rising edge-triggered cell FDRE clocked by sys_clk_pin  {rise@0.000ns fall@5.000ns period=10.000ns})
  Path Group:             sys_clk_pin
  Path Type:              Setup (Max at Slow Process Corner)
  Requirement:            10.000ns  (sys_clk_pin rise@10.000ns - sys_clk_pin rise@0.000ns)
  Data Path Delay:        1.844ns  (logic 0.580ns (31.454%)  route 1.264ns (68.546%))
  Logic Levels:           1  (LUT1=1)
  Clock Path Skew:        0.000ns (DCD - SCD + CPR)
    Destination Clock Delay (DCD):    5.030ns = ( 15.030 - 10.000 ) 
    Source Clock Delay      (SCD):    5.330ns
    Clock Pessimism Removal (CPR):    0.300ns
  Clock Uncertainty:      0.035ns  ((TSJ^2 + TIJ^2)^1/2 + DJ) / 2 + PE
    Total System Jitter     (TSJ):    0.071ns
    Total Input Jitter      (TIJ):    0.000ns
    Discrete Jitter          (DJ):    0.000ns
    Phase Error              (PE):    0.000ns

    Location             Delay type                Incr(ns)  Path(ns)    Netlist Resource(s)
  -------------------------------------------------------------------    -------------------
                         (clock sys_clk_pin rise edge)
                                                      0.000     0.000 r  
    E3                                                0.000     0.000 r  clk (IN)
                         net (fo=0)                   0.000     0.000    clk
    E3                   IBUF (Prop_ibuf_I_O)         1.482     1.482 r  clk_IBUF_inst/O
                         net (fo=1, routed)           2.025     3.506    clk_IBUF
    BUFGCTRL_X0Y16       BUFG (Prop_bufg_I_O)         0.096     3.602 r  clk_IBUF_BUFG_inst/O
                         net (fo=4, routed)           1.727     5.330    clk_IBUF_BUFG
    SLICE_X86Y86         FDRE                                         r  counter_reg[0]/C
  -------------------------------------------------------------------    -------------------
    SLICE_X86Y86         FDRE (Prop_fdre_C_Q)         0.456     5.786 f  counter_reg[0]/Q
                         net (fo=4, routed)           1.264     7.050    counter_reg_n_0_[0]
    SLICE_X86Y86         LUT1 (Prop_lut1_I0_O)        0.124     7.174 r  counter[0]_i_1/O
                         net (fo=1, routed)           0.000     7.174    p_0_in[0]
    SLICE_X86Y86         FDRE                                         r  counter_reg[0]/D
  -------------------------------------------------------------------    -------------------

                         (clock sys_clk_pin rise edge)
                                                     10.000    10.000 r  
    E3                                                0.000    10.000 r  clk (IN)
                         net (fo=0)                   0.000    10.000    clk
    E3                   IBUF (Prop_ibuf_I_O)         1.411    11.411 r  clk_IBUF_inst/O
                         net (fo=1, routed)           1.920    13.331    clk_IBUF
    BUFGCTRL_X0Y16       BUFG (Prop_bufg_I_O)         0.091    13.422 r  clk_IBUF_BUFG_inst/O
                         net (fo=4, routed)           1.607    15.030    clk_IBUF_BUFG
    SLICE_X86Y86         FDRE                                         r  counter_reg[0]/C
                         clock pessimism              0.300    15.330    
                         clock uncertainty           -0.035    15.294    
    SLICE_X86Y86         FDRE (Setup_fdre_C_D)        0.029    15.323    counter_reg[0]
  -------------------------------------------------------------------
                         required time                         15.323    
                         arrival time                          -7.174    
  -------------------------------------------------------------------
                         slack                                  8.150    

Slack (MET) :             8.168ns  (required time - arrival time)
  Source:                 counter_reg[0]/C
                            (rising edge-triggered cell FDRE clocked by sys_clk_pin  {rise@0.000ns fall@5.000ns period=10.000ns})
  Destination:            counter_reg[1]/D
                            (rising edge-triggered cell FDRE clocked by sys_clk_pin  {rise@0.000ns fall@5.000ns period=10.000ns})
  Path Group:             sys_clk_pin
  Path Type:              Setup (Max at Slow Process Corner)
  Requirement:            10.000ns  (sys_clk_pin rise@10.000ns - sys_clk_pin rise@0.000ns)
  Data Path Delay:        1.872ns  (logic 0.608ns (32.479%)  route 1.264ns (67.521%))
  Logic Levels:           1  (LUT2=1)
  Clock Path Skew:        0.000ns (DCD - SCD + CPR)
    Destination Clock Delay (DCD):    5.030ns = ( 15.030 - 10.000 ) 
    Source Clock Delay      (SCD):    5.330ns
    Clock Pessimism Removal (CPR):    0.300ns
  Clock Uncertainty:      0.035ns  ((TSJ^2 + TIJ^2)^1/2 + DJ) / 2 + PE
    Total System Jitter     (TSJ):    0.071ns
    Total Input Jitter      (TIJ):    0.000ns
    Discrete Jitter          (DJ):    0.000ns
    Phase Error              (PE):    0.000ns

    Location             Delay type                Incr(ns)  Path(ns)    Netlist Resource(s)
  -------------------------------------------------------------------    -------------------
                         (clock sys_clk_pin rise edge)
                                                      0.000     0.000 r  
    E3                                                0.000     0.000 r  clk (IN)
                         net (fo=0)                   0.000     0.000    clk
    E3                   IBUF (Prop_ibuf_I_O)         1.482     1.482 r  clk_IBUF_inst/O
                         net (fo=1, routed)           2.025     3.506    clk_IBUF
    BUFGCTRL_X0Y16       BUFG (Prop_bufg_I_O)         0.096     3.602 r  clk_IBUF_BUFG_inst/O
                         net (fo=4, routed)           1.727     5.330    clk_IBUF_BUFG
    SLICE_X86Y86         FDRE                                         r  counter_reg[0]/C
  -------------------------------------------------------------------    -------------------
    SLICE_X86Y86         FDRE (Prop_fdre_C_Q)         0.456     5.786 r  counter_reg[0]/Q
                         net (fo=4, routed)           1.264     7.050    counter_reg_n_0_[0]
    SLICE_X86Y86         LUT2 (Prop_lut2_I0_O)        0.152     7.202 r  counter[1]_i_1/O
                         net (fo=1, routed)           0.000     7.202    p_0_in[1]
    SLICE_X86Y86         FDRE                                         r  counter_reg[1]/D
  -------------------------------------------------------------------    -------------------

                         (clock sys_clk_pin rise edge)
                                                     10.000    10.000 r  
    E3                                                0.000    10.000 r  clk (IN)
                         net (fo=0)                   0.000    10.000    clk
    E3                   IBUF (Prop_ibuf_I_O)         1.411    11.411 r  clk_IBUF_inst/O
                         net (fo=1, routed)           1.920    13.331    clk_IBUF
    BUFGCTRL_X0Y16       BUFG (Prop_bufg_I_O)         0.091    13.422 r  clk_IBUF_BUFG_inst/O
                         net (fo=4, routed)           1.607    15.030    clk_IBUF_BUFG
    SLICE_X86Y86         FDRE                                         r  counter_reg[1]/C
                         clock pessimism              0.300    15.330    
                         clock uncertainty           -0.035    15.294    
    SLICE_X86Y86         FDRE (Setup_fdre_C_D)        0.075    15.369    counter_reg[1]
  -------------------------------------------------------------------
                         required time                         15.369    
                         arrival time                          -7.202    
  -------------------------------------------------------------------
                         slack                                  8.168    

Slack (MET) :             8.366ns  (required time - arrival time)
  Source:                 counter_reg[3]/C
                            (rising edge-triggered cell FDRE clocked by sys_clk_pin  {rise@0.000ns fall@5.000ns period=10.000ns})
  Destination:            counter_reg[3]/D
                            (rising edge-triggered cell FDRE clocked by sys_clk_pin  {rise@0.000ns fall@5.000ns period=10.000ns})
  Path Group:             sys_clk_pin
  Path Type:              Setup (Max at Slow Process Corner)
  Requirement:            10.000ns  (sys_clk_pin rise@10.000ns - sys_clk_pin rise@0.000ns)
  Data Path Delay:        1.674ns  (logic 0.741ns (44.277%)  route 0.933ns (55.723%))
  Logic Levels:           1  (LUT4=1)
  Clock Path Skew:        0.000ns (DCD - SCD + CPR)
    Destination Clock Delay (DCD):    5.030ns = ( 15.030 - 10.000 ) 
    Source Clock Delay      (SCD):    5.330ns
    Clock Pessimism Removal (CPR):    0.300ns
  Clock Uncertainty:      0.035ns  ((TSJ^2 + TIJ^2)^1/2 + DJ) / 2 + PE
    Total System Jitter     (TSJ):    0.071ns
    Total Input Jitter      (TIJ):    0.000ns
    Discrete Jitter          (DJ):    0.000ns
    Phase Error              (PE):    0.000ns

    Location             Delay type                Incr(ns)  Path(ns)    Netlist Resource(s)
  -------------------------------------------------------------------    -------------------
                         (clock sys_clk_pin rise edge)
                                                      0.000     0.000 r  
    E3                                                0.000     0.000 r  clk (IN)
                         net (fo=0)                   0.000     0.000    clk
    E3                   IBUF (Prop_ibuf_I_O)         1.482     1.482 r  clk_IBUF_inst/O
                         net (fo=1, routed)           2.025     3.506    clk_IBUF
    BUFGCTRL_X0Y16       BUFG (Prop_bufg_I_O)         0.096     3.602 r  clk_IBUF_BUFG_inst/O
                         net (fo=4, routed)           1.727     5.330    clk_IBUF_BUFG
    SLICE_X86Y86         FDRE                                         r  counter_reg[3]/C
  -------------------------------------------------------------------    -------------------
    SLICE_X86Y86         FDRE (Prop_fdre_C_Q)         0.419     5.749 r  counter_reg[3]/Q
                         net (fo=25, routed)          0.933     6.681    clk_cpu
    SLICE_X86Y86         LUT4 (Prop_lut4_I3_O)        0.322     7.003 r  counter[3]_i_1/O
                         net (fo=1, routed)           0.000     7.003    p_0_in[3]
    SLICE_X86Y86         FDRE                                         r  counter_reg[3]/D
  -------------------------------------------------------------------    -------------------

                         (clock sys_clk_pin rise edge)
                                                     10.000    10.000 r  
    E3                                                0.000    10.000 r  clk (IN)
                         net (fo=0)                   0.000    10.000    clk
    E3                   IBUF (Prop_ibuf_I_O)         1.411    11.411 r  clk_IBUF_inst/O
                         net (fo=1, routed)           1.920    13.331    clk_IBUF
    BUFGCTRL_X0Y16       BUFG (Prop_bufg_I_O)         0.091    13.422 r  clk_IBUF_BUFG_inst/O
                         net (fo=4, routed)           1.607    15.030    clk_IBUF_BUFG
    SLICE_X86Y86         FDRE                                         r  counter_reg[3]/C
                         clock pessimism              0.300    15.330    
                         clock uncertainty           -0.035    15.294    
    SLICE_X86Y86         FDRE (Setup_fdre_C_D)        0.075    15.369    counter_reg[3]
  -------------------------------------------------------------------
                         required time                         15.369    
                         arrival time                          -7.003    
  -------------------------------------------------------------------
                         slack                                  8.366    

Slack (MET) :             8.755ns  (required time - arrival time)
  Source:                 counter_reg[2]/C
                            (rising edge-triggered cell FDRE clocked by sys_clk_pin  {rise@0.000ns fall@5.000ns period=10.000ns})
  Destination:            counter_reg[2]/D
                            (rising edge-triggered cell FDRE clocked by sys_clk_pin  {rise@0.000ns fall@5.000ns period=10.000ns})
  Path Group:             sys_clk_pin
  Path Type:              Setup (Max at Slow Process Corner)
  Requirement:            10.000ns  (sys_clk_pin rise@10.000ns - sys_clk_pin rise@0.000ns)
  Data Path Delay:        1.241ns  (logic 0.580ns (46.751%)  route 0.661ns (53.249%))
  Logic Levels:           1  (LUT3=1)
  Clock Path Skew:        0.000ns (DCD - SCD + CPR)
    Destination Clock Delay (DCD):    5.030ns = ( 15.030 - 10.000 ) 
    Source Clock Delay      (SCD):    5.330ns
    Clock Pessimism Removal (CPR):    0.300ns
  Clock Uncertainty:      0.035ns  ((TSJ^2 + TIJ^2)^1/2 + DJ) / 2 + PE
    Total System Jitter     (TSJ):    0.071ns
    Total Input Jitter      (TIJ):    0.000ns
    Discrete Jitter          (DJ):    0.000ns
    Phase Error              (PE):    0.000ns

    Location             Delay type                Incr(ns)  Path(ns)    Netlist Resource(s)
  -------------------------------------------------------------------    -------------------
                         (clock sys_clk_pin rise edge)
                                                      0.000     0.000 r  
    E3                                                0.000     0.000 r  clk (IN)
                         net (fo=0)                   0.000     0.000    clk
    E3                   IBUF (Prop_ibuf_I_O)         1.482     1.482 r  clk_IBUF_inst/O
                         net (fo=1, routed)           2.025     3.506    clk_IBUF
    BUFGCTRL_X0Y16       BUFG (Prop_bufg_I_O)         0.096     3.602 r  clk_IBUF_BUFG_inst/O
                         net (fo=4, routed)           1.727     5.330    clk_IBUF_BUFG
    SLICE_X86Y86         FDRE                                         r  counter_reg[2]/C
  -------------------------------------------------------------------    -------------------
    SLICE_X86Y86         FDRE (Prop_fdre_C_Q)         0.456     5.786 r  counter_reg[2]/Q
                         net (fo=2, routed)           0.661     6.446    counter_reg_n_0_[2]
    SLICE_X86Y86         LUT3 (Prop_lut3_I2_O)        0.124     6.570 r  counter[2]_i_1/O
                         net (fo=1, routed)           0.000     6.570    p_0_in[2]
    SLICE_X86Y86         FDRE                                         r  counter_reg[2]/D
  -------------------------------------------------------------------    -------------------

                         (clock sys_clk_pin rise edge)
                                                     10.000    10.000 r  
    E3                                                0.000    10.000 r  clk (IN)
                         net (fo=0)                   0.000    10.000    clk
    E3                   IBUF (Prop_ibuf_I_O)         1.411    11.411 r  clk_IBUF_inst/O
                         net (fo=1, routed)           1.920    13.331    clk_IBUF
    BUFGCTRL_X0Y16       BUFG (Prop_bufg_I_O)         0.091    13.422 r  clk_IBUF_BUFG_inst/O
                         net (fo=4, routed)           1.607    15.030    clk_IBUF_BUFG
    SLICE_X86Y86         FDRE                                         r  counter_reg[2]/C
                         clock pessimism              0.300    15.330    
                         clock uncertainty           -0.035    15.294    
    SLICE_X86Y86         FDRE (Setup_fdre_C_D)        0.031    15.325    counter_reg[2]
  -------------------------------------------------------------------
                         required time                         15.325    
                         arrival time                          -6.570    
  -------------------------------------------------------------------
                         slack                                  8.755    





Min Delay Paths
--------------------------------------------------------------------------------------
Slack (MET) :             0.251ns  (arrival time - required time)
  Source:                 counter_reg[0]/C
                            (rising edge-triggered cell FDRE clocked by sys_clk_pin  {rise@0.000ns fall@5.000ns period=10.000ns})
  Destination:            counter_reg[3]/D
                            (rising edge-triggered cell FDRE clocked by sys_clk_pin  {rise@0.000ns fall@5.000ns period=10.000ns})
  Path Group:             sys_clk_pin
  Path Type:              Hold (Min at Fast Process Corner)
  Requirement:            0.000ns  (sys_clk_pin rise@0.000ns - sys_clk_pin rise@0.000ns)
  Data Path Delay:        0.358ns  (logic 0.184ns (51.423%)  route 0.174ns (48.577%))
  Logic Levels:           1  (LUT4=1)
  Clock Path Skew:        0.000ns (DCD - SCD - CPR)
    Destination Clock Delay (DCD):    2.039ns
    Source Clock Delay      (SCD):    1.522ns
    Clock Pessimism Removal (CPR):    0.516ns

    Location             Delay type                Incr(ns)  Path(ns)    Netlist Resource(s)
  -------------------------------------------------------------------    -------------------
                         (clock sys_clk_pin rise edge)
                                                      0.000     0.000 r  
    E3                                                0.000     0.000 r  clk (IN)
                         net (fo=0)                   0.000     0.000    clk
    E3                   IBUF (Prop_ibuf_I_O)         0.250     0.250 r  clk_IBUF_inst/O
                         net (fo=1, routed)           0.644     0.894    clk_IBUF
    BUFGCTRL_X0Y16       BUFG (Prop_bufg_I_O)         0.026     0.920 r  clk_IBUF_BUFG_inst/O
                         net (fo=4, routed)           0.603     1.522    clk_IBUF_BUFG
    SLICE_X86Y86         FDRE                                         r  counter_reg[0]/C
  -------------------------------------------------------------------    -------------------
    SLICE_X86Y86         FDRE (Prop_fdre_C_Q)         0.141     1.663 r  counter_reg[0]/Q
                         net (fo=4, routed)           0.174     1.837    counter_reg_n_0_[0]
    SLICE_X86Y86         LUT4 (Prop_lut4_I1_O)        0.043     1.880 r  counter[3]_i_1/O
                         net (fo=1, routed)           0.000     1.880    p_0_in[3]
    SLICE_X86Y86         FDRE                                         r  counter_reg[3]/D
  -------------------------------------------------------------------    -------------------

                         (clock sys_clk_pin rise edge)
                                                      0.000     0.000 r  
    E3                                                0.000     0.000 r  clk (IN)
                         net (fo=0)                   0.000     0.000    clk
    E3                   IBUF (Prop_ibuf_I_O)         0.438     0.438 r  clk_IBUF_inst/O
                         net (fo=1, routed)           0.699     1.136    clk_IBUF
    BUFGCTRL_X0Y16       BUFG (Prop_bufg_I_O)         0.029     1.165 r  clk_IBUF_BUFG_inst/O
                         net (fo=4, routed)           0.874     2.039    clk_IBUF_BUFG
    SLICE_X86Y86         FDRE                                         r  counter_reg[3]/C
                         clock pessimism             -0.516     1.522    
    SLICE_X86Y86         FDRE (Hold_fdre_C_D)         0.107     1.629    counter_reg[3]
  -------------------------------------------------------------------
                         required time                         -1.629    
                         arrival time                           1.880    
  -------------------------------------------------------------------
                         slack                                  0.251    

Slack (MET) :             0.268ns  (arrival time - required time)
  Source:                 counter_reg[0]/C
                            (rising edge-triggered cell FDRE clocked by sys_clk_pin  {rise@0.000ns fall@5.000ns period=10.000ns})
  Destination:            counter_reg[2]/D
                            (rising edge-triggered cell FDRE clocked by sys_clk_pin  {rise@0.000ns fall@5.000ns period=10.000ns})
  Path Group:             sys_clk_pin
  Path Type:              Hold (Min at Fast Process Corner)
  Requirement:            0.000ns  (sys_clk_pin rise@0.000ns - sys_clk_pin rise@0.000ns)
  Data Path Delay:        0.360ns  (logic 0.186ns (51.693%)  route 0.174ns (48.307%))
  Logic Levels:           1  (LUT3=1)
  Clock Path Skew:        0.000ns (DCD - SCD - CPR)
    Destination Clock Delay (DCD):    2.039ns
    Source Clock Delay      (SCD):    1.522ns
    Clock Pessimism Removal (CPR):    0.516ns

    Location             Delay type                Incr(ns)  Path(ns)    Netlist Resource(s)
  -------------------------------------------------------------------    -------------------
                         (clock sys_clk_pin rise edge)
                                                      0.000     0.000 r  
    E3                                                0.000     0.000 r  clk (IN)
                         net (fo=0)                   0.000     0.000    clk
    E3                   IBUF (Prop_ibuf_I_O)         0.250     0.250 r  clk_IBUF_inst/O
                         net (fo=1, routed)           0.644     0.894    clk_IBUF
    BUFGCTRL_X0Y16       BUFG (Prop_bufg_I_O)         0.026     0.920 r  clk_IBUF_BUFG_inst/O
                         net (fo=4, routed)           0.603     1.522    clk_IBUF_BUFG
    SLICE_X86Y86         FDRE                                         r  counter_reg[0]/C
  -------------------------------------------------------------------    -------------------
    SLICE_X86Y86         FDRE (Prop_fdre_C_Q)         0.141     1.663 r  counter_reg[0]/Q
                         net (fo=4, routed)           0.174     1.837    counter_reg_n_0_[0]
    SLICE_X86Y86         LUT3 (Prop_lut3_I0_O)        0.045     1.882 r  counter[2]_i_1/O
                         net (fo=1, routed)           0.000     1.882    p_0_in[2]
    SLICE_X86Y86         FDRE                                         r  counter_reg[2]/D
  -------------------------------------------------------------------    -------------------

                         (clock sys_clk_pin rise edge)
                                                      0.000     0.000 r  
    E3                                                0.000     0.000 r  clk (IN)
                         net (fo=0)                   0.000     0.000    clk
    E3                   IBUF (Prop_ibuf_I_O)         0.438     0.438 r  clk_IBUF_inst/O
                         net (fo=1, routed)           0.699     1.136    clk_IBUF
    BUFGCTRL_X0Y16       BUFG (Prop_bufg_I_O)         0.029     1.165 r  clk_IBUF_BUFG_inst/O
                         net (fo=4, routed)           0.874     2.039    clk_IBUF_BUFG
    SLICE_X86Y86         FDRE                                         r  counter_reg[2]/C
                         clock pessimism             -0.516     1.522    
    SLICE_X86Y86         FDRE (Hold_fdre_C_D)         0.092     1.614    counter_reg[2]
  -------------------------------------------------------------------
                         required time                         -1.614    
                         arrival time                           1.882    
  -------------------------------------------------------------------
                         slack                                  0.268    

Slack (MET) :             0.413ns  (arrival time - required time)
  Source:                 counter_reg[1]/C
                            (rising edge-triggered cell FDRE clocked by sys_clk_pin  {rise@0.000ns fall@5.000ns period=10.000ns})
  Destination:            counter_reg[1]/D
                            (rising edge-triggered cell FDRE clocked by sys_clk_pin  {rise@0.000ns fall@5.000ns period=10.000ns})
  Path Group:             sys_clk_pin
  Path Type:              Hold (Min at Fast Process Corner)
  Requirement:            0.000ns  (sys_clk_pin rise@0.000ns - sys_clk_pin rise@0.000ns)
  Data Path Delay:        0.520ns  (logic 0.226ns (43.453%)  route 0.294ns (56.547%))
  Logic Levels:           1  (LUT2=1)
  Clock Path Skew:        0.000ns (DCD - SCD - CPR)
    Destination Clock Delay (DCD):    2.039ns
    Source Clock Delay      (SCD):    1.522ns
    Clock Pessimism Removal (CPR):    0.516ns

    Location             Delay type                Incr(ns)  Path(ns)    Netlist Resource(s)
  -------------------------------------------------------------------    -------------------
                         (clock sys_clk_pin rise edge)
                                                      0.000     0.000 r  
    E3                                                0.000     0.000 r  clk (IN)
                         net (fo=0)                   0.000     0.000    clk
    E3                   IBUF (Prop_ibuf_I_O)         0.250     0.250 r  clk_IBUF_inst/O
                         net (fo=1, routed)           0.644     0.894    clk_IBUF
    BUFGCTRL_X0Y16       BUFG (Prop_bufg_I_O)         0.026     0.920 r  clk_IBUF_BUFG_inst/O
                         net (fo=4, routed)           0.603     1.522    clk_IBUF_BUFG
    SLICE_X86Y86         FDRE                                         r  counter_reg[1]/C
  -------------------------------------------------------------------    -------------------
    SLICE_X86Y86         FDRE (Prop_fdre_C_Q)         0.128     1.650 r  counter_reg[1]/Q
                         net (fo=3, routed)           0.294     1.944    counter_reg_n_0_[1]
    SLICE_X86Y86         LUT2 (Prop_lut2_I1_O)        0.098     2.042 r  counter[1]_i_1/O
                         net (fo=1, routed)           0.000     2.042    p_0_in[1]
    SLICE_X86Y86         FDRE                                         r  counter_reg[1]/D
  -------------------------------------------------------------------    -------------------

                         (clock sys_clk_pin rise edge)
                                                      0.000     0.000 r  
    E3                                                0.000     0.000 r  clk (IN)
                         net (fo=0)                   0.000     0.000    clk
    E3                   IBUF (Prop_ibuf_I_O)         0.438     0.438 r  clk_IBUF_inst/O
                         net (fo=1, routed)           0.699     1.136    clk_IBUF
    BUFGCTRL_X0Y16       BUFG (Prop_bufg_I_O)         0.029     1.165 r  clk_IBUF_BUFG_inst/O
                         net (fo=4, routed)           0.874     2.039    clk_IBUF_BUFG
    SLICE_X86Y86         FDRE                                         r  counter_reg[1]/C
                         clock pessimism             -0.516     1.522    
    SLICE_X86Y86         FDRE (Hold_fdre_C_D)         0.107     1.629    counter_reg[1]
  -------------------------------------------------------------------
                         required time                         -1.629    
                         arrival time                           2.042    
  -------------------------------------------------------------------
                         slack                                  0.413    

Slack (MET) :             0.565ns  (arrival time - required time)
  Source:                 counter_reg[0]/C
                            (rising edge-triggered cell FDRE clocked by sys_clk_pin  {rise@0.000ns fall@5.000ns period=10.000ns})
  Destination:            counter_reg[0]/D
                            (rising edge-triggered cell FDRE clocked by sys_clk_pin  {rise@0.000ns fall@5.000ns period=10.000ns})
  Path Group:             sys_clk_pin
  Path Type:              Hold (Min at Fast Process Corner)
  Requirement:            0.000ns  (sys_clk_pin rise@0.000ns - sys_clk_pin rise@0.000ns)
  Data Path Delay:        0.656ns  (logic 0.186ns (28.356%)  route 0.470ns (71.644%))
  Logic Levels:           1  (LUT1=1)
  Clock Path Skew:        0.000ns (DCD - SCD - CPR)
    Destination Clock Delay (DCD):    2.039ns
    Source Clock Delay      (SCD):    1.522ns
    Clock Pessimism Removal (CPR):    0.516ns

    Location             Delay type                Incr(ns)  Path(ns)    Netlist Resource(s)
  -------------------------------------------------------------------    -------------------
                         (clock sys_clk_pin rise edge)
                                                      0.000     0.000 r  
    E3                                                0.000     0.000 r  clk (IN)
                         net (fo=0)                   0.000     0.000    clk
    E3                   IBUF (Prop_ibuf_I_O)         0.250     0.250 r  clk_IBUF_inst/O
                         net (fo=1, routed)           0.644     0.894    clk_IBUF
    BUFGCTRL_X0Y16       BUFG (Prop_bufg_I_O)         0.026     0.920 r  clk_IBUF_BUFG_inst/O
                         net (fo=4, routed)           0.603     1.522    clk_IBUF_BUFG
    SLICE_X86Y86         FDRE                                         r  counter_reg[0]/C
  -------------------------------------------------------------------    -------------------
    SLICE_X86Y86         FDRE (Prop_fdre_C_Q)         0.141     1.663 f  counter_reg[0]/Q
                         net (fo=4, routed)           0.470     2.133    counter_reg_n_0_[0]
    SLICE_X86Y86         LUT1 (Prop_lut1_I0_O)        0.045     2.178 r  counter[0]_i_1/O
                         net (fo=1, routed)           0.000     2.178    p_0_in[0]
    SLICE_X86Y86         FDRE                                         r  counter_reg[0]/D
  -------------------------------------------------------------------    -------------------

                         (clock sys_clk_pin rise edge)
                                                      0.000     0.000 r  
    E3                                                0.000     0.000 r  clk (IN)
                         net (fo=0)                   0.000     0.000    clk
    E3                   IBUF (Prop_ibuf_I_O)         0.438     0.438 r  clk_IBUF_inst/O
                         net (fo=1, routed)           0.699     1.136    clk_IBUF
    BUFGCTRL_X0Y16       BUFG (Prop_bufg_I_O)         0.029     1.165 r  clk_IBUF_BUFG_inst/O
                         net (fo=4, routed)           0.874     2.039    clk_IBUF_BUFG
    SLICE_X86Y86         FDRE                                         r  counter_reg[0]/C
                         clock pessimism             -0.516     1.522    
    SLICE_X86Y86         FDRE (Hold_fdre_C_D)         0.091     1.613    counter_reg[0]
  -------------------------------------------------------------------
                         required time                         -1.613    
                         arrival time                           2.178    
  -------------------------------------------------------------------
                         slack                                  0.565    





Pulse Width Checks
--------------------------------------------------------------------------------------
Clock Name:         sys_clk_pin
Waveform(ns):       { 0.000 5.000 }
Period(ns):         10.000
Sources:            { clk }

Check Type        Corner  Lib Pin  Reference Pin  Required(ns)  Actual(ns)  Slack(ns)  Location        Pin
Min Period        n/a     BUFG/I   n/a            2.155         10.000      7.845      BUFGCTRL_X0Y16  clk_IBUF_BUFG_inst/I
Min Period        n/a     FDRE/C   n/a            1.000         10.000      9.000      SLICE_X86Y86    counter_reg[0]/C
Min Period        n/a     FDRE/C   n/a            1.000         10.000      9.000      SLICE_X86Y86    counter_reg[1]/C
Min Period        n/a     FDRE/C   n/a            1.000         10.000      9.000      SLICE_X86Y86    counter_reg[2]/C
Min Period        n/a     FDRE/C   n/a            1.000         10.000      9.000      SLICE_X86Y86    counter_reg[3]/C
Low Pulse Width   Slow    FDRE/C   n/a            0.500         5.000       4.500      SLICE_X86Y86    counter_reg[0]/C
Low Pulse Width   Fast    FDRE/C   n/a            0.500         5.000       4.500      SLICE_X86Y86    counter_reg[0]/C
Low Pulse Width   Slow    FDRE/C   n/a            0.500         5.000       4.500      SLICE_X86Y86    counter_reg[1]/C
Low Pulse Width   Fast    FDRE/C   n/a            0.500         5.000       4.500      SLICE_X86Y86    counter_reg[1]/C
Low Pulse Width   Slow    FDRE/C   n/a            0.500         5.000       4.500      SLICE_X86Y86    counter_reg[2]/C
Low Pulse Width   Fast    FDRE/C   n/a            0.500         5.000       4.500      SLICE_X86Y86    counter_reg[2]/C
Low Pulse Width   Slow    FDRE/C   n/a            0.500         5.000       4.500      SLICE_X86Y86    counter_reg[3]/C
Low Pulse Width   Fast    FDRE/C   n/a            0.500         5.000       4.500      SLICE_X86Y86    counter_reg[3]/C
High Pulse Width  Slow    FDRE/C   n/a            0.500         5.000       4.500      SLICE_X86Y86    counter_reg[0]/C
High Pulse Width  Fast    FDRE/C   n/a            0.500         5.000       4.500      SLICE_X86Y86    counter_reg[0]/C
High Pulse Width  Slow    FDRE/C   n/a            0.500         5.000       4.500      SLICE_X86Y86    counter_reg[1]/C
High Pulse Width  Fast    FDRE/C   n/a            0.500         5.000       4.500      SLICE_X86Y86    counter_reg[1]/C
High Pulse Width  Slow    FDRE/C   n/a            0.500         5.000       4.500      SLICE_X86Y86    counter_reg[2]/C
High Pulse Width  Fast    FDRE/C   n/a            0.500         5.000       4.500      SLICE_X86Y86    counter_reg[2]/C
High Pulse Width  Slow    FDRE/C   n/a            0.500         5.000       4.500      SLICE_X86Y86    counter_reg[3]/C
High Pulse Width  Fast    FDRE/C   n/a            0.500         5.000       4.500      SLICE_X86Y86    counter_reg[3]/C



--------------------------------------------------------------------------------------
Path Group:  (none)
From Clock:  
  To Clock:  

Max Delay            37 Endpoints
Min Delay            37 Endpoints
--------------------------------------------------------------------------------------


Max Delay Paths
--------------------------------------------------------------------------------------
Slack:                    inf
  Source:                 ss_decoder/an_reg[1]/C
                            (rising edge-triggered cell FDRE)
  Destination:            an[1]
                            (output port)
  Path Group:             (none)
  Path Type:              Max at Slow Process Corner
  Data Path Delay:        6.515ns  (logic 4.159ns (63.833%)  route 2.356ns (36.167%))
  Logic Levels:           2  (FDRE=1 OBUF=1)

    Location             Delay type                Incr(ns)  Path(ns)    Netlist Resource(s)
  -------------------------------------------------------------------    -------------------
    SLICE_X89Y86         FDRE                         0.000     0.000 r  ss_decoder/an_reg[1]/C
    SLICE_X89Y86         FDRE (Prop_fdre_C_Q)         0.628     0.628 r  ss_decoder/an_reg[1]/Q
                         net (fo=1, routed)           2.356     2.984    an_OBUF[1]
    M6                   OBUF (Prop_obuf_I_O)         3.531     6.515 r  an_OBUF[1]_inst/O
                         net (fo=0)                   0.000     6.515    an[1]
    M6                                                                r  an[1] (OUT)
  -------------------------------------------------------------------    -------------------

Slack:                    inf
  Source:                 ss_decoder/an_reg[0]/C
                            (rising edge-triggered cell FDSE)
  Destination:            an[0]
                            (output port)
  Path Group:             (none)
  Path Type:              Max at Slow Process Corner
  Data Path Delay:        6.511ns  (logic 4.155ns (63.808%)  route 2.356ns (36.192%))
  Logic Levels:           2  (FDSE=1 OBUF=1)

    Location             Delay type                Incr(ns)  Path(ns)    Netlist Resource(s)
  -------------------------------------------------------------------    -------------------
    SLICE_X89Y85         FDSE                         0.000     0.000 r  ss_decoder/an_reg[0]/C
    SLICE_X89Y85         FDSE (Prop_fdse_C_Q)         0.628     0.628 r  ss_decoder/an_reg[0]/Q
                         net (fo=1, routed)           2.356     2.984    an_OBUF[0]
    N6                   OBUF (Prop_obuf_I_O)         3.527     6.511 r  an_OBUF[0]_inst/O
                         net (fo=0)                   0.000     6.511    an[0]
    N6                                                                r  an[0] (OUT)
  -------------------------------------------------------------------    -------------------

Slack:                    inf
  Source:                 ss_decoder/an_reg[5]/C
                            (rising edge-triggered cell FDRE)
  Destination:            an[5]
                            (output port)
  Path Group:             (none)
  Path Type:              Max at Slow Process Corner
  Data Path Delay:        6.439ns  (logic 4.147ns (64.408%)  route 2.292ns (35.592%))
  Logic Levels:           2  (FDRE=1 OBUF=1)

    Location             Delay type                Incr(ns)  Path(ns)    Netlist Resource(s)
  -------------------------------------------------------------------    -------------------
    SLICE_X89Y84         FDRE                         0.000     0.000 r  ss_decoder/an_reg[5]/C
    SLICE_X89Y84         FDRE (Prop_fdre_C_Q)         0.628     0.628 r  ss_decoder/an_reg[5]/Q
                         net (fo=1, routed)           2.292     2.920    an_OBUF[5]
    N4                   OBUF (Prop_obuf_I_O)         3.519     6.439 r  an_OBUF[5]_inst/O
                         net (fo=0)                   0.000     6.439    an[5]
    N4                                                                r  an[5] (OUT)
  -------------------------------------------------------------------    -------------------

Slack:                    inf
  Source:                 ss_decoder/an_reg[7]/C
                            (rising edge-triggered cell FDSE)
  Destination:            an[7]
                            (output port)
  Path Group:             (none)
  Path Type:              Max at Slow Process Corner
  Data Path Delay:        6.365ns  (logic 4.298ns (67.524%)  route 2.067ns (32.476%))
  Logic Levels:           2  (FDSE=1 OBUF=1)

    Location             Delay type                Incr(ns)  Path(ns)    Netlist Resource(s)
  -------------------------------------------------------------------    -------------------
    SLICE_X87Y86         FDSE                         0.000     0.000 r  ss_decoder/an_reg[7]/C
    SLICE_X87Y86         FDSE (Prop_fdse_C_Q)         0.591     0.591 r  ss_decoder/an_reg[7]/Q
                         net (fo=1, routed)           2.067     2.658    an_OBUF[7]
    M1                   OBUF (Prop_obuf_I_O)         3.707     6.365 r  an_OBUF[7]_inst/O
                         net (fo=0)                   0.000     6.365    an[7]
    M1                                                                r  an[7] (OUT)
  -------------------------------------------------------------------    -------------------

Slack:                    inf
  Source:                 ss_decoder/an_reg[3]/C
                            (rising edge-triggered cell FDSE)
  Destination:            an[3]
                            (output port)
  Path Group:             (none)
  Path Type:              Max at Slow Process Corner
  Data Path Delay:        6.255ns  (logic 4.159ns (66.496%)  route 2.096ns (33.504%))
  Logic Levels:           2  (FDSE=1 OBUF=1)

    Location             Delay type                Incr(ns)  Path(ns)    Netlist Resource(s)
  -------------------------------------------------------------------    -------------------
    SLICE_X87Y85         FDSE                         0.000     0.000 r  ss_decoder/an_reg[3]/C
    SLICE_X87Y85         FDSE (Prop_fdse_C_Q)         0.628     0.628 r  ss_decoder/an_reg[3]/Q
                         net (fo=1, routed)           2.096     2.724    an_OBUF[3]
    N5                   OBUF (Prop_obuf_I_O)         3.531     6.255 r  an_OBUF[3]_inst/O
                         net (fo=0)                   0.000     6.255    an[3]
    N5                                                                r  an[3] (OUT)
  -------------------------------------------------------------------    -------------------

Slack:                    inf
  Source:                 ss_decoder/an_reg[6]/C
                            (rising edge-triggered cell FDSE)
  Destination:            an[6]
                            (output port)
  Path Group:             (none)
  Path Type:              Max at Slow Process Corner
  Data Path Delay:        6.241ns  (logic 4.168ns (66.788%)  route 2.073ns (33.212%))
  Logic Levels:           2  (FDSE=1 OBUF=1)

    Location             Delay type                Incr(ns)  Path(ns)    Netlist Resource(s)
  -------------------------------------------------------------------    -------------------
    SLICE_X87Y86         FDSE                         0.000     0.000 r  ss_decoder/an_reg[6]/C
    SLICE_X87Y86         FDSE (Prop_fdse_C_Q)         0.628     0.628 r  ss_decoder/an_reg[6]/Q
                         net (fo=1, routed)           2.073     2.701    an_OBUF[6]
    L1                   OBUF (Prop_obuf_I_O)         3.540     6.241 r  an_OBUF[6]_inst/O
                         net (fo=0)                   0.000     6.241    an[6]
    L1                                                                r  an[6] (OUT)
  -------------------------------------------------------------------    -------------------

Slack:                    inf
  Source:                 ss_decoder/an_reg[4]/C
                            (rising edge-triggered cell FDRE)
  Destination:            an[4]
                            (output port)
  Path Group:             (none)
  Path Type:              Max at Slow Process Corner
  Data Path Delay:        6.222ns  (logic 4.310ns (69.272%)  route 1.912ns (30.728%))
  Logic Levels:           2  (FDRE=1 OBUF=1)

    Location             Delay type                Incr(ns)  Path(ns)    Netlist Resource(s)
  -------------------------------------------------------------------    -------------------
    SLICE_X89Y86         FDRE                         0.000     0.000 r  ss_decoder/an_reg[4]/C
    SLICE_X89Y86         FDRE (Prop_fdre_C_Q)         0.591     0.591 r  ss_decoder/an_reg[4]/Q
                         net (fo=1, routed)           1.912     2.503    an_OBUF[4]
    N2                   OBUF (Prop_obuf_I_O)         3.719     6.222 r  an_OBUF[4]_inst/O
                         net (fo=0)                   0.000     6.222    an[4]
    N2                                                                r  an[4] (OUT)
  -------------------------------------------------------------------    -------------------

Slack:                    inf
  Source:                 ss_decoder/an_reg[2]/C
                            (rising edge-triggered cell FDSE)
  Destination:            an[2]
                            (output port)
  Path Group:             (none)
  Path Type:              Max at Slow Process Corner
  Data Path Delay:        6.042ns  (logic 4.155ns (68.767%)  route 1.887ns (31.233%))
  Logic Levels:           2  (FDSE=1 OBUF=1)

    Location             Delay type                Incr(ns)  Path(ns)    Netlist Resource(s)
  -------------------------------------------------------------------    -------------------
    SLICE_X87Y86         FDSE                         0.000     0.000 r  ss_decoder/an_reg[2]/C
    SLICE_X87Y86         FDSE (Prop_fdse_C_Q)         0.628     0.628 r  ss_decoder/an_reg[2]/Q
                         net (fo=1, routed)           1.887     2.515    an_OBUF[2]
    M3                   OBUF (Prop_obuf_I_O)         3.527     6.042 r  an_OBUF[2]_inst/O
                         net (fo=0)                   0.000     6.042    an[2]
    M3                                                                r  an[2] (OUT)
  -------------------------------------------------------------------    -------------------

Slack:                    inf
  Source:                 ss_decoder/counter_reg[7]/C
                            (rising edge-triggered cell FDRE)
  Destination:            ss_decoder/an_to_display_reg[1]/D
  Path Group:             (none)
  Path Type:              Max at Slow Process Corner
  Data Path Delay:        2.578ns  (logic 0.938ns (36.383%)  route 1.640ns (63.617%))
  Logic Levels:           3  (FDRE=1 LUT5=1 LUT6=1)

    Location             Delay type                Incr(ns)  Path(ns)    Netlist Resource(s)
  -------------------------------------------------------------------    -------------------
    SLICE_X88Y86         FDRE                         0.000     0.000 r  ss_decoder/counter_reg[7]/C
    SLICE_X88Y86         FDRE (Prop_fdre_C_Q)         0.690     0.690 f  ss_decoder/counter_reg[7]/Q
                         net (fo=2, routed)           0.811     1.501    ss_decoder/counter_reg[7]
    SLICE_X89Y87         LUT6 (Prop_lut6_I3_O)        0.124     1.625 r  ss_decoder/an_to_display[2]_i_2/O
                         net (fo=3, routed)           0.829     2.454    ss_decoder/an_to_display[2]_i_2_n_0
    SLICE_X89Y86         LUT5 (Prop_lut5_I1_O)        0.124     2.578 r  ss_decoder/an_to_display[1]_i_1/O
                         net (fo=1, routed)           0.000     2.578    ss_decoder/an_to_display[1]_i_1_n_0
    SLICE_X89Y86         FDRE                                         r  ss_decoder/an_to_display_reg[1]/D
  -------------------------------------------------------------------    -------------------

Slack:                    inf
  Source:                 ss_decoder/counter_reg[7]/C
                            (rising edge-triggered cell FDRE)
  Destination:            ss_decoder/an_to_display_reg[0]/D
  Path Group:             (none)
  Path Type:              Max at Slow Process Corner
  Data Path Delay:        2.573ns  (logic 0.938ns (36.454%)  route 1.635ns (63.546%))
  Logic Levels:           3  (FDRE=1 LUT6=2)

    Location             Delay type                Incr(ns)  Path(ns)    Netlist Resource(s)
  -------------------------------------------------------------------    -------------------
    SLICE_X88Y86         FDRE                         0.000     0.000 r  ss_decoder/counter_reg[7]/C
    SLICE_X88Y86         FDRE (Prop_fdre_C_Q)         0.690     0.690 f  ss_decoder/counter_reg[7]/Q
                         net (fo=2, routed)           0.811     1.501    ss_decoder/counter_reg[7]
    SLICE_X89Y87         LUT6 (Prop_lut6_I3_O)        0.124     1.625 r  ss_decoder/an_to_display[2]_i_2/O
                         net (fo=3, routed)           0.824     2.449    ss_decoder/an_to_display[2]_i_2_n_0
    SLICE_X89Y86         LUT6 (Prop_lut6_I4_O)        0.124     2.573 r  ss_decoder/an_to_display[0]_i_1/O
                         net (fo=1, routed)           0.000     2.573    ss_decoder/an_to_display[0]_i_1_n_0
    SLICE_X89Y86         FDRE                                         r  ss_decoder/an_to_display_reg[0]/D
  -------------------------------------------------------------------    -------------------





Min Delay Paths
--------------------------------------------------------------------------------------
Slack:                    inf
  Source:                 ss_decoder/an_to_display_reg[1]/C
                            (rising edge-triggered cell FDRE)
  Destination:            ss_decoder/an_reg[2]/S
  Path Group:             (none)
  Path Type:              Min at Fast Process Corner
  Data Path Delay:        0.393ns  (logic 0.194ns (49.390%)  route 0.199ns (50.610%))
  Logic Levels:           1  (FDRE=1)

    Location             Delay type                Incr(ns)  Path(ns)    Netlist Resource(s)
  -------------------------------------------------------------------    -------------------
    SLICE_X89Y86         FDRE                         0.000     0.000 r  ss_decoder/an_to_display_reg[1]/C
    SLICE_X89Y86         FDRE (Prop_fdre_C_Q)         0.194     0.194 r  ss_decoder/an_to_display_reg[1]/Q
                         net (fo=10, routed)          0.199     0.393    ss_decoder/an_to_display[1]
    SLICE_X87Y86         FDSE                                         r  ss_decoder/an_reg[2]/S
  -------------------------------------------------------------------    -------------------

Slack:                    inf
  Source:                 ss_decoder/an_to_display_reg[1]/C
                            (rising edge-triggered cell FDRE)
  Destination:            ss_decoder/an_reg[6]/S
  Path Group:             (none)
  Path Type:              Min at Fast Process Corner
  Data Path Delay:        0.393ns  (logic 0.194ns (49.390%)  route 0.199ns (50.610%))
  Logic Levels:           1  (FDRE=1)

    Location             Delay type                Incr(ns)  Path(ns)    Netlist Resource(s)
  -------------------------------------------------------------------    -------------------
    SLICE_X89Y86         FDRE                         0.000     0.000 r  ss_decoder/an_to_display_reg[1]/C
    SLICE_X89Y86         FDRE (Prop_fdre_C_Q)         0.194     0.194 r  ss_decoder/an_to_display_reg[1]/Q
                         net (fo=10, routed)          0.199     0.393    ss_decoder/an_to_display[1]
    SLICE_X87Y86         FDSE                                         r  ss_decoder/an_reg[6]/S
  -------------------------------------------------------------------    -------------------

Slack:                    inf
  Source:                 ss_decoder/an_to_display_reg[1]/C
                            (rising edge-triggered cell FDRE)
  Destination:            ss_decoder/an_reg[7]/S
  Path Group:             (none)
  Path Type:              Min at Fast Process Corner
  Data Path Delay:        0.393ns  (logic 0.194ns (49.390%)  route 0.199ns (50.610%))
  Logic Levels:           1  (FDRE=1)

    Location             Delay type                Incr(ns)  Path(ns)    Netlist Resource(s)
  -------------------------------------------------------------------    -------------------
    SLICE_X89Y86         FDRE                         0.000     0.000 r  ss_decoder/an_to_display_reg[1]/C
    SLICE_X89Y86         FDRE (Prop_fdre_C_Q)         0.194     0.194 r  ss_decoder/an_to_display_reg[1]/Q
                         net (fo=10, routed)          0.199     0.393    ss_decoder/an_to_display[1]
    SLICE_X87Y86         FDSE                                         r  ss_decoder/an_reg[7]/S
  -------------------------------------------------------------------    -------------------

Slack:                    inf
  Source:                 ss_decoder/an_to_display_reg[1]/C
                            (rising edge-triggered cell FDRE)
  Destination:            ss_decoder/an_to_display_reg[2]/D
  Path Group:             (none)
  Path Type:              Min at Fast Process Corner
  Data Path Delay:        0.423ns  (logic 0.239ns (56.557%)  route 0.184ns (43.443%))
  Logic Levels:           2  (FDRE=1 LUT6=1)

    Location             Delay type                Incr(ns)  Path(ns)    Netlist Resource(s)
  -------------------------------------------------------------------    -------------------
    SLICE_X89Y86         FDRE                         0.000     0.000 r  ss_decoder/an_to_display_reg[1]/C
    SLICE_X89Y86         FDRE (Prop_fdre_C_Q)         0.194     0.194 r  ss_decoder/an_to_display_reg[1]/Q
                         net (fo=10, routed)          0.184     0.378    ss_decoder/an_to_display[1]
    SLICE_X89Y86         LUT6 (Prop_lut6_I0_O)        0.045     0.423 r  ss_decoder/an_to_display[2]_i_1/O
                         net (fo=1, routed)           0.000     0.423    ss_decoder/an_to_display[2]_i_1_n_0
    SLICE_X89Y86         FDRE                                         r  ss_decoder/an_to_display_reg[2]/D
  -------------------------------------------------------------------    -------------------

Slack:                    inf
  Source:                 ss_decoder/an_to_display_reg[1]/C
                            (rising edge-triggered cell FDRE)
  Destination:            ss_decoder/an_to_display_reg[1]/D
  Path Group:             (none)
  Path Type:              Min at Fast Process Corner
  Data Path Delay:        0.434ns  (logic 0.239ns (55.132%)  route 0.195ns (44.868%))
  Logic Levels:           2  (FDRE=1 LUT5=1)

    Location             Delay type                Incr(ns)  Path(ns)    Netlist Resource(s)
  -------------------------------------------------------------------    -------------------
    SLICE_X89Y86         FDRE                         0.000     0.000 r  ss_decoder/an_to_display_reg[1]/C
    SLICE_X89Y86         FDRE (Prop_fdre_C_Q)         0.194     0.194 r  ss_decoder/an_to_display_reg[1]/Q
                         net (fo=10, routed)          0.195     0.389    ss_decoder/an_to_display[1]
    SLICE_X89Y86         LUT5 (Prop_lut5_I4_O)        0.045     0.434 r  ss_decoder/an_to_display[1]_i_1/O
                         net (fo=1, routed)           0.000     0.434    ss_decoder/an_to_display[1]_i_1_n_0
    SLICE_X89Y86         FDRE                                         r  ss_decoder/an_to_display_reg[1]/D
  -------------------------------------------------------------------    -------------------

Slack:                    inf
  Source:                 ss_decoder/an_to_display_reg[0]/C
                            (rising edge-triggered cell FDRE)
  Destination:            ss_decoder/an_to_display_reg[0]/D
  Path Group:             (none)
  Path Type:              Min at Fast Process Corner
  Data Path Delay:        0.440ns  (logic 0.239ns (54.353%)  route 0.201ns (45.647%))
  Logic Levels:           2  (FDRE=1 LUT6=1)

    Location             Delay type                Incr(ns)  Path(ns)    Netlist Resource(s)
  -------------------------------------------------------------------    -------------------
    SLICE_X89Y86         FDRE                         0.000     0.000 r  ss_decoder/an_to_display_reg[0]/C
    SLICE_X89Y86         FDRE (Prop_fdre_C_Q)         0.194     0.194 r  ss_decoder/an_to_display_reg[0]/Q
                         net (fo=10, routed)          0.201     0.395    ss_decoder/an_to_display[0]
    SLICE_X89Y86         LUT6 (Prop_lut6_I5_O)        0.045     0.440 r  ss_decoder/an_to_display[0]_i_1/O
                         net (fo=1, routed)           0.000     0.440    ss_decoder/an_to_display[0]_i_1_n_0
    SLICE_X89Y86         FDRE                                         r  ss_decoder/an_to_display_reg[0]/D
  -------------------------------------------------------------------    -------------------

Slack:                    inf
  Source:                 ss_decoder/counter_reg[10]/C
                            (rising edge-triggered cell FDRE)
  Destination:            ss_decoder/counter_reg[10]/D
  Path Group:             (none)
  Path Type:              Min at Fast Process Corner
  Data Path Delay:        0.452ns  (logic 0.327ns (72.268%)  route 0.125ns (27.732%))
  Logic Levels:           2  (CARRY4=1 FDRE=1)

    Location             Delay type                Incr(ns)  Path(ns)    Netlist Resource(s)
  -------------------------------------------------------------------    -------------------
    SLICE_X88Y87         FDRE                         0.000     0.000 r  ss_decoder/counter_reg[10]/C
    SLICE_X88Y87         FDRE (Prop_fdre_C_Q)         0.217     0.217 r  ss_decoder/counter_reg[10]/Q
                         net (fo=2, routed)           0.125     0.342    ss_decoder/counter_reg[10]
    SLICE_X88Y87         CARRY4 (Prop_carry4_S[2]_O[2])
                                                      0.110     0.452 r  ss_decoder/counter_reg[8]_i_1/O[2]
                         net (fo=1, routed)           0.000     0.452    ss_decoder/counter_reg[8]_i_1_n_5
    SLICE_X88Y87         FDRE                                         r  ss_decoder/counter_reg[10]/D
  -------------------------------------------------------------------    -------------------

Slack:                    inf
  Source:                 ss_decoder/counter_reg[2]/C
                            (rising edge-triggered cell FDRE)
  Destination:            ss_decoder/counter_reg[2]/D
  Path Group:             (none)
  Path Type:              Min at Fast Process Corner
  Data Path Delay:        0.452ns  (logic 0.327ns (72.268%)  route 0.125ns (27.732%))
  Logic Levels:           2  (CARRY4=1 FDRE=1)

    Location             Delay type                Incr(ns)  Path(ns)    Netlist Resource(s)
  -------------------------------------------------------------------    -------------------
    SLICE_X88Y85         FDRE                         0.000     0.000 r  ss_decoder/counter_reg[2]/C
    SLICE_X88Y85         FDRE (Prop_fdre_C_Q)         0.217     0.217 r  ss_decoder/counter_reg[2]/Q
                         net (fo=2, routed)           0.125     0.342    ss_decoder/counter_reg[2]
    SLICE_X88Y85         CARRY4 (Prop_carry4_S[2]_O[2])
                                                      0.110     0.452 r  ss_decoder/counter_reg[0]_i_1/O[2]
                         net (fo=1, routed)           0.000     0.452    ss_decoder/counter_reg[0]_i_1_n_5
    SLICE_X88Y85         FDRE                                         r  ss_decoder/counter_reg[2]/D
  -------------------------------------------------------------------    -------------------

Slack:                    inf
  Source:                 ss_decoder/an_to_display_reg[2]/C
                            (rising edge-triggered cell FDRE)
  Destination:            ss_decoder/an_reg[6]/D
  Path Group:             (none)
  Path Type:              Min at Fast Process Corner
  Data Path Delay:        0.453ns  (logic 0.239ns (52.816%)  route 0.214ns (47.184%))
  Logic Levels:           2  (FDRE=1 LUT2=1)

    Location             Delay type                Incr(ns)  Path(ns)    Netlist Resource(s)
  -------------------------------------------------------------------    -------------------
    SLICE_X89Y86         FDRE                         0.000     0.000 r  ss_decoder/an_to_display_reg[2]/C
    SLICE_X89Y86         FDRE (Prop_fdre_C_Q)         0.194     0.194 r  ss_decoder/an_to_display_reg[2]/Q
                         net (fo=8, routed)           0.214     0.408    ss_decoder/an_to_display[2]
    SLICE_X87Y86         LUT2 (Prop_lut2_I0_O)        0.045     0.453 r  ss_decoder/an[6]_i_1/O
                         net (fo=1, routed)           0.000     0.453    ss_decoder/an[6]_i_1_n_0
    SLICE_X87Y86         FDSE                                         r  ss_decoder/an_reg[6]/D
  -------------------------------------------------------------------    -------------------

Slack:                    inf
  Source:                 ss_decoder/an_to_display_reg[2]/C
                            (rising edge-triggered cell FDRE)
  Destination:            ss_decoder/an_reg[7]/D
  Path Group:             (none)
  Path Type:              Min at Fast Process Corner
  Data Path Delay:        0.454ns  (logic 0.240ns (52.920%)  route 0.214ns (47.080%))
  Logic Levels:           2  (FDRE=1 LUT2=1)

    Location             Delay type                Incr(ns)  Path(ns)    Netlist Resource(s)
  -------------------------------------------------------------------    -------------------
    SLICE_X89Y86         FDRE                         0.000     0.000 r  ss_decoder/an_to_display_reg[2]/C
    SLICE_X89Y86         FDRE (Prop_fdre_C_Q)         0.194     0.194 r  ss_decoder/an_to_display_reg[2]/Q
                         net (fo=8, routed)           0.214     0.408    ss_decoder/an_to_display[2]
    SLICE_X87Y86         LUT2 (Prop_lut2_I1_O)        0.046     0.454 r  ss_decoder/an[7]_i_1/O
                         net (fo=1, routed)           0.000     0.454    ss_decoder/an[7]_i_1_n_0
    SLICE_X87Y86         FDSE                                         r  ss_decoder/an_reg[7]/D
  -------------------------------------------------------------------    -------------------





