INFO: [VRFC 10-2263] Analyzing SystemVerilog file "/home/krithikh/NUS-Modules/CS2100DE/Project/Project.srcs/sources_1/imports/krithikh/Downloads/ALU.sv" into library xil_defaultlib
INFO: [VRFC 10-311] analyzing module ALU
INFO: [VRFC 10-2263] Analyzing SystemVerilog file "/home/krithikh/NUS-Modules/CS2100DE/Project/Project.srcs/sources_1/imports/Downloads/Adder.sv" into library xil_defaultlib
INFO: [VRFC 10-311] analyzing module Adder
INFO: [VRFC 10-2263] Analyzing SystemVerilog file "/home/krithikh/NUS-Modules/CS2100DE/Project/Project.srcs/sources_1/imports/krithikh/NUS-Modules/CS2100DE/Labs/week_7/week_7.srcs/sources_1/imports/Downloads/Decoder.sv" into library xil_defaultlib
INFO: [VRFC 10-311] analyzing module Decoder
INFO: [VRFC 10-2263] Analyzing SystemVerilog file "/home/krithikh/NUS-Modules/CS2100DE/Project/Project.srcs/sources_1/imports/krithikh/NUS-Modules/CS2100DE/Labs/week_7/week_7.srcs/sources_1/imports/Downloads/Extend.sv" into library xil_defaultlib
INFO: [VRFC 10-311] analyzing module Extend
INFO: [VRFC 10-2263] Analyzing SystemVerilog file "/home/krithikh/NUS-Modules/CS2100DE/Project/Project.srcs/sources_1/imports/krithikh/Downloads/PC_Logic.sv" into library xil_defaultlib
INFO: [VRFC 10-311] analyzing module PC_Logic
INFO: [VRFC 10-2263] Analyzing SystemVerilog file "/home/krithikh/NUS-Modules/CS2100DE/Project/Project.srcs/sources_1/imports/krithikh/Downloads/ProgramCounter.sv" into library xil_defaultlib
INFO: [VRFC 10-311] analyzing module ProgramCounter
INFO: [VRFC 10-2263] Analyzing SystemVerilog file "/home/krithikh/NUS-Modules/CS2100DE/Project/Project.srcs/sources_1/imports/krithikh/Downloads/RISCV_MMC.sv" into library xil_defaultlib
INFO: [VRFC 10-311] analyzing module RISCV_MMC
WARNING: [VRFC 10-3380] identifier 'mem_to_reg' is used before its declaration [/home/krithikh/NUS-Modules/CS2100DE/Project/Project.srcs/sources_1/imports/krithikh/Downloads/RISCV_MMC.sv:36]
INFO: [VRFC 10-2263] Analyzing SystemVerilog file "/home/krithikh/NUS-Modules/CS2100DE/Project/Project.srcs/sources_1/imports/krithikh/Downloads/RegFile.sv" into library xil_defaultlib
INFO: [VRFC 10-311] analyzing module RegFile
INFO: [VRFC 10-2263] Analyzing SystemVerilog file "/home/krithikh/NUS-Modules/CS2100DE/Project/Project.srcs/sources_1/imports/Downloads/SevenSegDecoder.sv" into library xil_defaultlib
INFO: [VRFC 10-311] analyzing module SevenSegDecoder
INFO: [VRFC 10-2263] Analyzing SystemVerilog file "/home/krithikh/NUS-Modules/CS2100DE/Project/Project.srcs/sources_1/imports/Downloads/Top_MMC.sv" into library xil_defaultlib
INFO: [VRFC 10-311] analyzing module Top_MMC
INFO: [VRFC 10-2263] Analyzing SystemVerilog file "/home/krithikh/NUS-Modules/CS2100DE/Project/Project.srcs/sim_1/imports/Downloads/Top_Test.sv" into library xil_defaultlib
INFO: [VRFC 10-311] analyzing module Top_Test
