Vivado Simulator v2023.2
Copyright 1986-2022 Xilinx, Inc. All Rights Reserved.
Copyright 2022-2023 Advanced Micro Devices, Inc. All Rights Reserved.
Running: /Xilinx/Vivado/2023.2/bin/unwrapped/lnx64.o/xelab --incr --debug typical --relax --mt 8 -L xil_defaultlib -L uvm -L unisims_ver -L unimacro_ver -L secureip --snapshot Top_Test_behav xil_defaultlib.Top_Test xil_defaultlib.glbl -log elaborate.log 
Using 8 slave threads.
Starting static elaboration
Pass Through NonSizing Optimizer
WARNING: [VRFC 10-9543] actual bit length 2 differs from formal bit length 3 for port 'PCS' [/home/krithikh/NUS-Modules/CS2100DE/Project/Project.srcs/sources_1/imports/krithikh/Downloads/RISCV_MMC.sv:88]
Completed static elaboration
Starting simulation data flow analysis
Completed simulation data flow analysis
Time Resolution for simulation is 1ps
Compiling module xil_defaultlib.SevenSegDecoder
Compiling module xil_defaultlib.Extend
Compiling module xil_defaultlib.Decoder
Compiling module xil_defaultlib.ALU
Compiling module xil_defaultlib.RegFile
Compiling module xil_defaultlib.PC_Logic
Compiling module xil_defaultlib.ProgramCounter
Compiling module xil_defaultlib.Adder
Compiling module xil_defaultlib.RISCV_MMC
Compiling module xil_defaultlib.Top_MMC
Compiling module xil_defaultlib.Top_Test
Compiling module xil_defaultlib.glbl
Built simulation snapshot Top_Test_behav
